Build started 5/3/2021 5:13:56 PM.
     1>Project "C:\Users\Brian Temple\Quake2GameMod\game\game.vcxproj" on node 2 (Build target(s)).
     1>ClCompile:
         C:\Program Files (x86)\Microsoft Visual Studio 12.0\VC\bin\CL.exe /c /Z7 /nologo /W4 /WX- /O2 /Oy- /D WIN32 /D NDEBUG /D _WINDOWS /D _VC80_UPGRADE=0x0600 /D _WINDLL /GF /Gm- /EHsc /MT /GS /Gy /fp:precise /Zc:wchar_t /Zc:forScope /Fo".\release\\" /Fd".\release\vc120.pdb" /Gd /TC /analyze- /errorReport:prompt p_client.c p_weapon.c
         p_client.c
     1>p_client.c(46): warning C4127: conditional expression is constant
     1>p_client.c(70): warning C4100: 'self' : unreferenced formal parameter
     1>p_client.c(179): warning C4100: 'damage' : unreferenced formal parameter
     1>p_client.c(179): warning C4100: 'kick' : unreferenced formal parameter
     1>p_client.c(179): warning C4100: 'other' : unreferenced formal parameter
     1>p_client.c(179): warning C4100: 'self' : unreferenced formal parameter
     1>p_client.c(211): warning C4100: 'inflictor' : unreferenced formal parameter
     1>p_client.c(501): warning C4100: 'point' : unreferenced formal parameter
     1>p_client.c(846): warning C4127: conditional expression is constant
     1>p_client.c(931): warning C4100: 'point' : unreferenced formal parameter
     1>p_client.c(931): warning C4100: 'attacker' : unreferenced formal parameter
     1>p_client.c(931): warning C4100: 'inflictor' : unreferenced formal parameter
     1>p_client.c(1370): warning C4996: 'strcpy': This function or variable may be unsafe. Consider using strcpy_s instead. To disable deprecation, use _CRT_SECURE_NO_WARNINGS. See online help for details.
     1>p_client.c(1375): warning C4996: 'strncpy': This function or variable may be unsafe. Consider using strncpy_s instead. To disable deprecation, use _CRT_SECURE_NO_WARNINGS. See online help for details.
                 C:\Program Files (x86)\Microsoft Visual Studio 12.0\VC\include\string.h(195) : see declaration of 'strncpy'
     1>p_client.c(1415): warning C4996: 'strncpy': This function or variable may be unsafe. Consider using strncpy_s instead. To disable deprecation, use _CRT_SECURE_NO_WARNINGS. See online help for details.
                 C:\Program Files (x86)\Microsoft Visual Studio 12.0\VC\include\string.h(195) : see declaration of 'strncpy'
     1>p_client.c(1679): warning C4013: 'CTFGrapplePull' undefined; assuming extern returning int
     1>p_client.c(1684): warning C4013: 'CTFRapplePull' undefined; assuming extern returning int
     1>p_client.c(1689): warning C4013: 'Hover' undefined; assuming extern returning int
     1>p_client.c(1694): warning C4013: 'Glide' undefined; assuming extern returning int
         p_weapon.c
     1>p_weapon.c(1258): warning C4013: 'CheckTeamDamage' undefined; assuming extern returning int
     1>p_weapon.c(2191): warning C4100: 'plane' : unreferenced formal parameter
     1>p_weapon.c(2193): warning C4189: 'volume' : local variable is initialized but not referenced
         Generating Code...
     1>C:\Program Files (x86)\MSBuild\Microsoft.Cpp\v4.0\V120\Microsoft.CppBuild.targets(1186,5): warning MSB8012: TargetPath(C:\Users\Brian Temple\Quake2GameMod\game\.\..\release\game.dll) does not match the Linker's OutputFile property value (C:\Users\Brian Temple\Quake2GameMod\release\gamex86.dll). This may cause your project to build incorrectly. To correct this, please make sure that $(OutDir), $(TargetName) and $(TargetExt) property values match the value specified in %(Link.OutputFile).
     1>C:\Program Files (x86)\MSBuild\Microsoft.Cpp\v4.0\V120\Microsoft.CppBuild.targets(1188,5): warning MSB8012: TargetName(game) does not match the Linker's OutputFile property value (gamex86). This may cause your project to build incorrectly. To correct this, please make sure that $(OutDir), $(TargetName) and $(TargetExt) property values match the value specified in %(Link.OutputFile).
       Link:
         C:\Program Files (x86)\Microsoft Visual Studio 12.0\VC\bin\link.exe /ERRORREPORT:PROMPT /OUT:"..\release\gamex86.dll" /INCREMENTAL:NO /NOLOGO winmm.lib kernel32.lib user32.lib gdi32.lib winspool.lib comdlg32.lib advapi32.lib shell32.lib ole32.lib oleaut32.lib uuid.lib odbc32.lib odbccp32.lib /DEF:".\game.def" /MANIFEST /MANIFESTUAC:"level='asInvoker' uiAccess='false'" /manifest:embed /PDB:".\..\release\game.pdb" /SUBSYSTEM:WINDOWS /TLBID:1 /BASE:"0x20000000" /DYNAMICBASE /NXCOMPAT /IMPLIB:".\..\release\gamex86.lib" /MACHINE:X86 /SAFESEH /DLL .\release\g_ai.obj
         .\release\g_chase.obj
         .\release\g_cmds.obj
         .\release\g_combat.obj
         .\release\g_func.obj
         .\release\g_items.obj
         .\release\g_main.obj
         .\release\g_misc.obj
         .\release\g_monster.obj
         .\release\g_phys.obj
         .\release\g_save.obj
         .\release\g_spawn.obj
         .\release\g_svcmds.obj
         .\release\g_target.obj
         .\release\g_trigger.obj
         .\release\g_turret.obj
         .\release\g_utils.obj
         .\release\g_weapon.obj
         .\release\m_actor.obj
         .\release\m_berserk.obj
         .\release\m_boss2.obj
         .\release\m_boss3.obj
         .\release\m_boss31.obj
         .\release\m_boss32.obj
         .\release\m_brain.obj
         .\release\m_chick.obj
         .\release\m_flash.obj
         .\release\m_flipper.obj
         .\release\m_float.obj
         .\release\m_flyer.obj
         .\release\m_gladiator.obj
         .\release\m_gunner.obj
         .\release\m_hover.obj
         .\release\m_infantry.obj
         .\release\m_insane.obj
         .\release\m_medic.obj
         .\release\m_move.obj
         .\release\m_mutant.obj
         .\release\m_parasite.obj
         .\release\m_soldier.obj
         .\release\m_supertank.obj
         .\release\m_tank.obj
         .\release\p_client.obj
         .\release\p_hud.obj
         .\release\p_trail.obj
         .\release\p_view.obj
         .\release\p_weapon.obj
         .\release\q_shared.obj
            Creating library .\..\release\gamex86.lib and object .\..\release\gamex86.exp
         game.vcxproj -> C:\Users\Brian Temple\Quake2GameMod\game\.\..\release\game.dll
     1>Done Building Project "C:\Users\Brian Temple\Quake2GameMod\game\game.vcxproj" (Build target(s)).

Build succeeded.

Time Elapsed 00:00:00.57
