Build started 4/29/2021 2:13:48 PM.
     1>Project "C:\Users\Brian Temple\Quake2GameMod\ctf\ctf.vcxproj" on node 2 (Build target(s)).
     1>ClCompile:
         C:\Program Files (x86)\Microsoft Visual Studio 12.0\VC\bin\CL.exe /c /Zi /nologo /W4 /WX- /O2 /Oy- /D WIN32 /D NDEBUG /D _WINDOWS /D _VC80_UPGRADE=0x0600 /D _WINDLL /GF /Gm- /EHsc /MT /GS /Gy /fp:precise /Zc:wchar_t /Zc:forScope /Fo".\release\\" /Fd".\release\vc120.pdb" /Gd /TC /analyze- /errorReport:prompt g_ai.c g_chase.c g_cmds.c g_combat.c g_ctf.c g_func.c g_items.c g_main.c g_misc.c g_monster.c g_phys.c g_save.c g_spawn.c g_svcmds.c g_target.c g_trigger.c g_utils.c g_weapon.c m_move.c p_client.c p_hud.c p_menu.c p_trail.c p_view.c p_weapon.c q_shared.c
         g_ai.c
     1>g_ai.c(61): warning C4127: conditional expression is constant
     1>g_ai.c(771): warning C4100: 'dist' : unreferenced formal parameter
         g_chase.c
     1>g_chase.c(103): warning C4996: 'sprintf': This function or variable may be unsafe. Consider using sprintf_s instead. To disable deprecation, use _CRT_SECURE_NO_WARNINGS. See online help for details.
                 C:\Program Files (x86)\Microsoft Visual Studio 12.0\VC\include\stdio.h(356) : see declaration of 'sprintf'
         g_cmds.c
     1>g_cmds.c(34): warning C4996: 'strcpy': This function or variable may be unsafe. Consider using strcpy_s instead. To disable deprecation, use _CRT_SECURE_NO_WARNINGS. See online help for details.
     1>g_cmds.c(57): warning C4996: 'strcpy': This function or variable may be unsafe. Consider using strcpy_s instead. To disable deprecation, use _CRT_SECURE_NO_WARNINGS. See online help for details.
     1>g_cmds.c(58): warning C4996: 'strcpy': This function or variable may be unsafe. Consider using strcpy_s instead. To disable deprecation, use _CRT_SECURE_NO_WARNINGS. See online help for details.
     1>g_cmds.c(790): warning C4996: 'strcat': This function or variable may be unsafe. Consider using strcat_s instead. To disable deprecation, use _CRT_SECURE_NO_WARNINGS. See online help for details.
     1>g_cmds.c(793): warning C4996: 'strcat': This function or variable may be unsafe. Consider using strcat_s instead. To disable deprecation, use _CRT_SECURE_NO_WARNINGS. See online help for details.
     1>g_cmds.c(905): warning C4996: 'strcat': This function or variable may be unsafe. Consider using strcat_s instead. To disable deprecation, use _CRT_SECURE_NO_WARNINGS. See online help for details.
     1>g_cmds.c(906): warning C4996: 'strcat': This function or variable may be unsafe. Consider using strcat_s instead. To disable deprecation, use _CRT_SECURE_NO_WARNINGS. See online help for details.
     1>g_cmds.c(907): warning C4996: 'strcat': This function or variable may be unsafe. Consider using strcat_s instead. To disable deprecation, use _CRT_SECURE_NO_WARNINGS. See online help for details.
     1>g_cmds.c(918): warning C4996: 'strcat': This function or variable may be unsafe. Consider using strcat_s instead. To disable deprecation, use _CRT_SECURE_NO_WARNINGS. See online help for details.
     1>g_cmds.c(925): warning C4996: 'strcat': This function or variable may be unsafe. Consider using strcat_s instead. To disable deprecation, use _CRT_SECURE_NO_WARNINGS. See online help for details.
         g_combat.c
         g_ctf.c
     1>g_ctf.c(377): warning C4996: 'strcpy': This function or variable may be unsafe. Consider using strcpy_s instead. To disable deprecation, use _CRT_SECURE_NO_WARNINGS. See online help for details.
     1>g_ctf.c(519): warning C4100: 'inflictor' : unreferenced formal parameter
     1>g_ctf.c(875): warning C4100: 'item' : unreferenced formal parameter
     1>g_ctf.c(1031): warning C4996: 'strcpy': This function or variable may be unsafe. Consider using strcpy_s instead. To disable deprecation, use _CRT_SECURE_NO_WARNINGS. See online help for details.
     1>g_ctf.c(1160): warning C4100: 'self' : unreferenced formal parameter
     1>g_ctf.c(1167): warning C4100: 'self' : unreferenced formal parameter
     1>g_ctf.c(1649): warning C4996: 'sprintf': This function or variable may be unsafe. Consider using sprintf_s instead. To disable deprecation, use _CRT_SECURE_NO_WARNINGS. See online help for details.
                 C:\Program Files (x86)\Microsoft Visual Studio 12.0\VC\include\stdio.h(356) : see declaration of 'sprintf'
     1>g_ctf.c(1689): warning C4996: 'sprintf': This function or variable may be unsafe. Consider using sprintf_s instead. To disable deprecation, use _CRT_SECURE_NO_WARNINGS. See online help for details.
                 C:\Program Files (x86)\Microsoft Visual Studio 12.0\VC\include\stdio.h(356) : see declaration of 'sprintf'
     1>g_ctf.c(1693): warning C4996: 'sprintf': This function or variable may be unsafe. Consider using sprintf_s instead. To disable deprecation, use _CRT_SECURE_NO_WARNINGS. See online help for details.
                 C:\Program Files (x86)\Microsoft Visual Studio 12.0\VC\include\stdio.h(356) : see declaration of 'sprintf'
     1>g_ctf.c(1697): warning C4996: 'strcat': This function or variable may be unsafe. Consider using strcat_s instead. To disable deprecation, use _CRT_SECURE_NO_WARNINGS. See online help for details.
     1>g_ctf.c(1726): warning C4996: 'sprintf': This function or variable may be unsafe. Consider using sprintf_s instead. To disable deprecation, use _CRT_SECURE_NO_WARNINGS. See online help for details.
                 C:\Program Files (x86)\Microsoft Visual Studio 12.0\VC\include\stdio.h(356) : see declaration of 'sprintf'
     1>g_ctf.c(1730): warning C4996: 'sprintf': This function or variable may be unsafe. Consider using sprintf_s instead. To disable deprecation, use _CRT_SECURE_NO_WARNINGS. See online help for details.
                 C:\Program Files (x86)\Microsoft Visual Studio 12.0\VC\include\stdio.h(356) : see declaration of 'sprintf'
     1>g_ctf.c(1733): warning C4996: 'strcat': This function or variable may be unsafe. Consider using strcat_s instead. To disable deprecation, use _CRT_SECURE_NO_WARNINGS. See online help for details.
     1>g_ctf.c(1759): warning C4996: 'sprintf': This function or variable may be unsafe. Consider using sprintf_s instead. To disable deprecation, use _CRT_SECURE_NO_WARNINGS. See online help for details.
                 C:\Program Files (x86)\Microsoft Visual Studio 12.0\VC\include\stdio.h(356) : see declaration of 'sprintf'
     1>g_ctf.c(1760): warning C4996: 'strcat': This function or variable may be unsafe. Consider using strcat_s instead. To disable deprecation, use _CRT_SECURE_NO_WARNINGS. See online help for details.
     1>g_ctf.c(1771): warning C4996: 'sprintf': This function or variable may be unsafe. Consider using sprintf_s instead. To disable deprecation, use _CRT_SECURE_NO_WARNINGS. See online help for details.
                 C:\Program Files (x86)\Microsoft Visual Studio 12.0\VC\include\stdio.h(356) : see declaration of 'sprintf'
     1>g_ctf.c(1773): warning C4996: 'strcat': This function or variable may be unsafe. Consider using strcat_s instead. To disable deprecation, use _CRT_SECURE_NO_WARNINGS. See online help for details.
     1>g_ctf.c(1785): warning C4996: 'sprintf': This function or variable may be unsafe. Consider using sprintf_s instead. To disable deprecation, use _CRT_SECURE_NO_WARNINGS. See online help for details.
                 C:\Program Files (x86)\Microsoft Visual Studio 12.0\VC\include\stdio.h(356) : see declaration of 'sprintf'
     1>g_ctf.c(1788): warning C4996: 'sprintf': This function or variable may be unsafe. Consider using sprintf_s instead. To disable deprecation, use _CRT_SECURE_NO_WARNINGS. See online help for details.
                 C:\Program Files (x86)\Microsoft Visual Studio 12.0\VC\include\stdio.h(356) : see declaration of 'sprintf'
     1>g_ctf.c(1588): warning C4100: 'killer' : unreferenced formal parameter
     1>g_ctf.c(1588): warning C4100: 'ent' : unreferenced formal parameter
     1>g_ctf.c(2223): warning C4996: 'strcpy': This function or variable may be unsafe. Consider using strcpy_s instead. To disable deprecation, use _CRT_SECURE_NO_WARNINGS. See online help for details.
     1>g_ctf.c(2251): warning C4996: 'strcpy': This function or variable may be unsafe. Consider using strcpy_s instead. To disable deprecation, use _CRT_SECURE_NO_WARNINGS. See online help for details.
     1>g_ctf.c(2257): warning C4996: 'strcpy': This function or variable may be unsafe. Consider using strcpy_s instead. To disable deprecation, use _CRT_SECURE_NO_WARNINGS. See online help for details.
     1>g_ctf.c(2265): warning C4996: 'strcat': This function or variable may be unsafe. Consider using strcat_s instead. To disable deprecation, use _CRT_SECURE_NO_WARNINGS. See online help for details.
     1>g_ctf.c(2267): warning C4996: 'strcat': This function or variable may be unsafe. Consider using strcat_s instead. To disable deprecation, use _CRT_SECURE_NO_WARNINGS. See online help for details.
     1>g_ctf.c(2269): warning C4996: 'strcat': This function or variable may be unsafe. Consider using strcat_s instead. To disable deprecation, use _CRT_SECURE_NO_WARNINGS. See online help for details.
     1>g_ctf.c(2272): warning C4996: 'strcat': This function or variable may be unsafe. Consider using strcat_s instead. To disable deprecation, use _CRT_SECURE_NO_WARNINGS. See online help for details.
     1>g_ctf.c(2274): warning C4996: 'strcat': This function or variable may be unsafe. Consider using strcat_s instead. To disable deprecation, use _CRT_SECURE_NO_WARNINGS. See online help for details.
     1>g_ctf.c(2276): warning C4996: 'strcat': This function or variable may be unsafe. Consider using strcat_s instead. To disable deprecation, use _CRT_SECURE_NO_WARNINGS. See online help for details.
     1>g_ctf.c(2278): warning C4996: 'strcat': This function or variable may be unsafe. Consider using strcat_s instead. To disable deprecation, use _CRT_SECURE_NO_WARNINGS. See online help for details.
     1>g_ctf.c(2296): warning C4996: 'sprintf': This function or variable may be unsafe. Consider using sprintf_s instead. To disable deprecation, use _CRT_SECURE_NO_WARNINGS. See online help for details.
                 C:\Program Files (x86)\Microsoft Visual Studio 12.0\VC\include\stdio.h(356) : see declaration of 'sprintf'
     1>g_ctf.c(2305): warning C4996: 'strcat': This function or variable may be unsafe. Consider using strcat_s instead. To disable deprecation, use _CRT_SECURE_NO_WARNINGS. See online help for details.
     1>g_ctf.c(2307): warning C4996: 'sprintf': This function or variable may be unsafe. Consider using sprintf_s instead. To disable deprecation, use _CRT_SECURE_NO_WARNINGS. See online help for details.
                 C:\Program Files (x86)\Microsoft Visual Studio 12.0\VC\include\stdio.h(356) : see declaration of 'sprintf'
     1>g_ctf.c(2312): warning C4996: 'strcpy': This function or variable may be unsafe. Consider using strcpy_s instead. To disable deprecation, use _CRT_SECURE_NO_WARNINGS. See online help for details.
     1>g_ctf.c(2318): warning C4996: 'strcpy': This function or variable may be unsafe. Consider using strcpy_s instead. To disable deprecation, use _CRT_SECURE_NO_WARNINGS. See online help for details.
     1>g_ctf.c(2320): warning C4996: 'sprintf': This function or variable may be unsafe. Consider using sprintf_s instead. To disable deprecation, use _CRT_SECURE_NO_WARNINGS. See online help for details.
                 C:\Program Files (x86)\Microsoft Visual Studio 12.0\VC\include\stdio.h(356) : see declaration of 'sprintf'
     1>g_ctf.c(2333): warning C4996: 'sprintf': This function or variable may be unsafe. Consider using sprintf_s instead. To disable deprecation, use _CRT_SECURE_NO_WARNINGS. See online help for details.
                 C:\Program Files (x86)\Microsoft Visual Studio 12.0\VC\include\stdio.h(356) : see declaration of 'sprintf'
     1>g_ctf.c(2338): warning C4996: 'strcpy': This function or variable may be unsafe. Consider using strcpy_s instead. To disable deprecation, use _CRT_SECURE_NO_WARNINGS. See online help for details.
     1>g_ctf.c(2344): warning C4996: 'strcpy': This function or variable may be unsafe. Consider using strcpy_s instead. To disable deprecation, use _CRT_SECURE_NO_WARNINGS. See online help for details.
     1>g_ctf.c(2346): warning C4996: 'strcpy': This function or variable may be unsafe. Consider using strcpy_s instead. To disable deprecation, use _CRT_SECURE_NO_WARNINGS. See online help for details.
     1>g_ctf.c(2367): warning C4996: 'strcat': This function or variable may be unsafe. Consider using strcat_s instead. To disable deprecation, use _CRT_SECURE_NO_WARNINGS. See online help for details.
     1>g_ctf.c(2368): warning C4996: 'strcat': This function or variable may be unsafe. Consider using strcat_s instead. To disable deprecation, use _CRT_SECURE_NO_WARNINGS. See online help for details.
     1>g_ctf.c(2373): warning C4996: 'strcpy': This function or variable may be unsafe. Consider using strcpy_s instead. To disable deprecation, use _CRT_SECURE_NO_WARNINGS. See online help for details.
     1>g_ctf.c(2378): warning C4996: 'strcat': This function or variable may be unsafe. Consider using strcat_s instead. To disable deprecation, use _CRT_SECURE_NO_WARNINGS. See online help for details.
     1>g_ctf.c(2379): warning C4996: 'strcat': This function or variable may be unsafe. Consider using strcat_s instead. To disable deprecation, use _CRT_SECURE_NO_WARNINGS. See online help for details.
     1>g_ctf.c(2381): warning C4996: 'strcpy': This function or variable may be unsafe. Consider using strcpy_s instead. To disable deprecation, use _CRT_SECURE_NO_WARNINGS. See online help for details.
     1>g_ctf.c(2383): warning C4996: 'strcpy': This function or variable may be unsafe. Consider using strcpy_s instead. To disable deprecation, use _CRT_SECURE_NO_WARNINGS. See online help for details.
     1>g_ctf.c(2410): warning C4996: 'strcpy': This function or variable may be unsafe. Consider using strcpy_s instead. To disable deprecation, use _CRT_SECURE_NO_WARNINGS. See online help for details.
     1>g_ctf.c(2416): warning C4996: 'strcpy': This function or variable may be unsafe. Consider using strcpy_s instead. To disable deprecation, use _CRT_SECURE_NO_WARNINGS. See online help for details.
     1>g_ctf.c(2422): warning C4996: 'strcpy': This function or variable may be unsafe. Consider using strcpy_s instead. To disable deprecation, use _CRT_SECURE_NO_WARNINGS. See online help for details.
     1>g_ctf.c(2428): warning C4996: 'strcpy': This function or variable may be unsafe. Consider using strcpy_s instead. To disable deprecation, use _CRT_SECURE_NO_WARNINGS. See online help for details.
     1>g_ctf.c(2434): warning C4996: 'strcpy': This function or variable may be unsafe. Consider using strcpy_s instead. To disable deprecation, use _CRT_SECURE_NO_WARNINGS. See online help for details.
     1>g_ctf.c(2441): warning C4996: 'strcpy': This function or variable may be unsafe. Consider using strcpy_s instead. To disable deprecation, use _CRT_SECURE_NO_WARNINGS. See online help for details.
     1>g_ctf.c(2516): warning C4996: 'strncpy': This function or variable may be unsafe. Consider using strncpy_s instead. To disable deprecation, use _CRT_SECURE_NO_WARNINGS. See online help for details.
                 C:\Program Files (x86)\Microsoft Visual Studio 12.0\VC\include\string.h(195) : see declaration of 'strncpy'
     1>g_ctf.c(2518): warning C4996: 'strncpy': This function or variable may be unsafe. Consider using strncpy_s instead. To disable deprecation, use _CRT_SECURE_NO_WARNINGS. See online help for details.
                 C:\Program Files (x86)\Microsoft Visual Studio 12.0\VC\include\string.h(195) : see declaration of 'strncpy'
     1>g_ctf.c(2565): warning C4996: 'strncpy': This function or variable may be unsafe. Consider using strncpy_s instead. To disable deprecation, use _CRT_SECURE_NO_WARNINGS. See online help for details.
                 C:\Program Files (x86)\Microsoft Visual Studio 12.0\VC\include\string.h(195) : see declaration of 'strncpy'
     1>g_ctf.c(2640): warning C4996: 'strcpy': This function or variable may be unsafe. Consider using strcpy_s instead. To disable deprecation, use _CRT_SECURE_NO_WARNINGS. See online help for details.
     1>g_ctf.c(2652): warning C4189: 'ghost' : local variable is initialized but not referenced
     1>g_ctf.c(2752): warning C4996: 'strncpy': This function or variable may be unsafe. Consider using strncpy_s instead. To disable deprecation, use _CRT_SECURE_NO_WARNINGS. See online help for details.
                 C:\Program Files (x86)\Microsoft Visual Studio 12.0\VC\include\string.h(195) : see declaration of 'strncpy'
     1>g_ctf.c(3040): warning C4100: 'p' : unreferenced formal parameter
     1>g_ctf.c(3045): warning C4100: 'p' : unreferenced formal parameter
     1>g_ctf.c(3050): warning C4100: 'p' : unreferenced formal parameter
     1>g_ctf.c(3077): warning C4100: 'p' : unreferenced formal parameter
     1>g_ctf.c(3090): warning C4996: 'sprintf': This function or variable may be unsafe. Consider using sprintf_s instead. To disable deprecation, use _CRT_SECURE_NO_WARNINGS. See online help for details.
                 C:\Program Files (x86)\Microsoft Visual Studio 12.0\VC\include\stdio.h(356) : see declaration of 'sprintf'
     1>g_ctf.c(3083): warning C4100: 'p' : unreferenced formal parameter
     1>g_ctf.c(3096): warning C4100: 'p' : unreferenced formal parameter
     1>g_ctf.c(3129): warning C4996: 'stricmp': The POSIX name for this item is deprecated. Instead, use the ISO C++ conformant name: _stricmp. See online help for details.
                 C:\Program Files (x86)\Microsoft Visual Studio 12.0\VC\include\string.h(253) : see declaration of 'stricmp'
     1>g_ctf.c(3132): warning C4996: 'stricmp': The POSIX name for this item is deprecated. Instead, use the ISO C++ conformant name: _stricmp. See online help for details.
                 C:\Program Files (x86)\Microsoft Visual Studio 12.0\VC\include\string.h(253) : see declaration of 'stricmp'
     1>g_ctf.c(3155): warning C4996: 'sprintf': This function or variable may be unsafe. Consider using sprintf_s instead. To disable deprecation, use _CRT_SECURE_NO_WARNINGS. See online help for details.
                 C:\Program Files (x86)\Microsoft Visual Studio 12.0\VC\include\stdio.h(356) : see declaration of 'sprintf'
     1>g_ctf.c(3156): warning C4996: 'sprintf': This function or variable may be unsafe. Consider using sprintf_s instead. To disable deprecation, use _CRT_SECURE_NO_WARNINGS. See online help for details.
                 C:\Program Files (x86)\Microsoft Visual Studio 12.0\VC\include\stdio.h(356) : see declaration of 'sprintf'
     1>g_ctf.c(3213): warning C4100: 'p' : unreferenced formal parameter
     1>g_ctf.c(3327): warning C4996: 'sprintf': This function or variable may be unsafe. Consider using sprintf_s instead. To disable deprecation, use _CRT_SECURE_NO_WARNINGS. See online help for details.
                 C:\Program Files (x86)\Microsoft Visual Studio 12.0\VC\include\stdio.h(356) : see declaration of 'sprintf'
     1>g_ctf.c(3329): warning C4996: 'sprintf': This function or variable may be unsafe. Consider using sprintf_s instead. To disable deprecation, use _CRT_SECURE_NO_WARNINGS. See online help for details.
                 C:\Program Files (x86)\Microsoft Visual Studio 12.0\VC\include\stdio.h(356) : see declaration of 'sprintf'
     1>g_ctf.c(3337): warning C4996: 'sprintf': This function or variable may be unsafe. Consider using sprintf_s instead. To disable deprecation, use _CRT_SECURE_NO_WARNINGS. See online help for details.
                 C:\Program Files (x86)\Microsoft Visual Studio 12.0\VC\include\stdio.h(356) : see declaration of 'sprintf'
     1>g_ctf.c(3343): warning C4996: 'sprintf': This function or variable may be unsafe. Consider using sprintf_s instead. To disable deprecation, use _CRT_SECURE_NO_WARNINGS. See online help for details.
                 C:\Program Files (x86)\Microsoft Visual Studio 12.0\VC\include\stdio.h(356) : see declaration of 'sprintf'
     1>g_ctf.c(3363): warning C4100: 'surf' : unreferenced formal parameter
     1>g_ctf.c(3363): warning C4100: 'plane' : unreferenced formal parameter
     1>g_ctf.c(3491): warning C4996: 'sprintf': This function or variable may be unsafe. Consider using sprintf_s instead. To disable deprecation, use _CRT_SECURE_NO_WARNINGS. See online help for details.
                 C:\Program Files (x86)\Microsoft Visual Studio 12.0\VC\include\stdio.h(356) : see declaration of 'sprintf'
     1>g_ctf.c(3502): warning C4996: 'sprintf': This function or variable may be unsafe. Consider using sprintf_s instead. To disable deprecation, use _CRT_SECURE_NO_WARNINGS. See online help for details.
                 C:\Program Files (x86)\Microsoft Visual Studio 12.0\VC\include\stdio.h(356) : see declaration of 'sprintf'
     1>g_ctf.c(3513): warning C4996: 'sprintf': This function or variable may be unsafe. Consider using sprintf_s instead. To disable deprecation, use _CRT_SECURE_NO_WARNINGS. See online help for details.
                 C:\Program Files (x86)\Microsoft Visual Studio 12.0\VC\include\stdio.h(356) : see declaration of 'sprintf'
     1>g_ctf.c(3525): warning C4996: 'sprintf': This function or variable may be unsafe. Consider using sprintf_s instead. To disable deprecation, use _CRT_SECURE_NO_WARNINGS. See online help for details.
                 C:\Program Files (x86)\Microsoft Visual Studio 12.0\VC\include\stdio.h(356) : see declaration of 'sprintf'
     1>g_ctf.c(3537): warning C4996: 'sprintf': This function or variable may be unsafe. Consider using sprintf_s instead. To disable deprecation, use _CRT_SECURE_NO_WARNINGS. See online help for details.
                 C:\Program Files (x86)\Microsoft Visual Studio 12.0\VC\include\stdio.h(356) : see declaration of 'sprintf'
     1>g_ctf.c(3549): warning C4996: 'sprintf': This function or variable may be unsafe. Consider using sprintf_s instead. To disable deprecation, use _CRT_SECURE_NO_WARNINGS. See online help for details.
                 C:\Program Files (x86)\Microsoft Visual Studio 12.0\VC\include\stdio.h(356) : see declaration of 'sprintf'
     1>g_ctf.c(3556): warning C4996: 'sprintf': This function or variable may be unsafe. Consider using sprintf_s instead. To disable deprecation, use _CRT_SECURE_NO_WARNINGS. See online help for details.
                 C:\Program Files (x86)\Microsoft Visual Studio 12.0\VC\include\stdio.h(356) : see declaration of 'sprintf'
     1>g_ctf.c(3563): warning C4996: 'sprintf': This function or variable may be unsafe. Consider using sprintf_s instead. To disable deprecation, use _CRT_SECURE_NO_WARNINGS. See online help for details.
                 C:\Program Files (x86)\Microsoft Visual Studio 12.0\VC\include\stdio.h(356) : see declaration of 'sprintf'
     1>g_ctf.c(3573): warning C4189: 'settings' : local variable is initialized but not referenced
     1>g_ctf.c(3658): warning C4996: 'sprintf': This function or variable may be unsafe. Consider using sprintf_s instead. To disable deprecation, use _CRT_SECURE_NO_WARNINGS. See online help for details.
                 C:\Program Files (x86)\Microsoft Visual Studio 12.0\VC\include\stdio.h(356) : see declaration of 'sprintf'
     1>g_ctf.c(3662): warning C4996: 'sprintf': This function or variable may be unsafe. Consider using sprintf_s instead. To disable deprecation, use _CRT_SECURE_NO_WARNINGS. See online help for details.
                 C:\Program Files (x86)\Microsoft Visual Studio 12.0\VC\include\stdio.h(356) : see declaration of 'sprintf'
     1>g_ctf.c(3666): warning C4996: 'sprintf': This function or variable may be unsafe. Consider using sprintf_s instead. To disable deprecation, use _CRT_SECURE_NO_WARNINGS. See online help for details.
                 C:\Program Files (x86)\Microsoft Visual Studio 12.0\VC\include\stdio.h(356) : see declaration of 'sprintf'
     1>g_ctf.c(3670): warning C4996: 'sprintf': This function or variable may be unsafe. Consider using sprintf_s instead. To disable deprecation, use _CRT_SECURE_NO_WARNINGS. See online help for details.
                 C:\Program Files (x86)\Microsoft Visual Studio 12.0\VC\include\stdio.h(356) : see declaration of 'sprintf'
     1>g_ctf.c(3674): warning C4996: 'sprintf': This function or variable may be unsafe. Consider using sprintf_s instead. To disable deprecation, use _CRT_SECURE_NO_WARNINGS. See online help for details.
                 C:\Program Files (x86)\Microsoft Visual Studio 12.0\VC\include\stdio.h(356) : see declaration of 'sprintf'
     1>g_ctf.c(3678): warning C4996: 'sprintf': This function or variable may be unsafe. Consider using sprintf_s instead. To disable deprecation, use _CRT_SECURE_NO_WARNINGS. See online help for details.
                 C:\Program Files (x86)\Microsoft Visual Studio 12.0\VC\include\stdio.h(356) : see declaration of 'sprintf'
     1>g_ctf.c(3682): warning C4996: 'sprintf': This function or variable may be unsafe. Consider using sprintf_s instead. To disable deprecation, use _CRT_SECURE_NO_WARNINGS. See online help for details.
                 C:\Program Files (x86)\Microsoft Visual Studio 12.0\VC\include\stdio.h(356) : see declaration of 'sprintf'
     1>g_ctf.c(3686): warning C4996: 'sprintf': This function or variable may be unsafe. Consider using sprintf_s instead. To disable deprecation, use _CRT_SECURE_NO_WARNINGS. See online help for details.
                 C:\Program Files (x86)\Microsoft Visual Studio 12.0\VC\include\stdio.h(356) : see declaration of 'sprintf'
     1>g_ctf.c(3709): warning C4100: 'p' : unreferenced formal parameter
     1>g_ctf.c(3731): warning C4100: 'p' : unreferenced formal parameter
     1>g_ctf.c(3747): warning C4100: 'p' : unreferenced formal parameter
     1>g_ctf.c(3759): warning C4100: 'p' : unreferenced formal parameter
     1>g_ctf.c(3809): warning C4996: 'sprintf': This function or variable may be unsafe. Consider using sprintf_s instead. To disable deprecation, use _CRT_SECURE_NO_WARNINGS. See online help for details.
                 C:\Program Files (x86)\Microsoft Visual Studio 12.0\VC\include\stdio.h(356) : see declaration of 'sprintf'
     1>g_ctf.c(3837): warning C4996: 'sprintf': This function or variable may be unsafe. Consider using sprintf_s instead. To disable deprecation, use _CRT_SECURE_NO_WARNINGS. See online help for details.
                 C:\Program Files (x86)\Microsoft Visual Studio 12.0\VC\include\stdio.h(356) : see declaration of 'sprintf'
     1>g_ctf.c(3839): warning C4996: 'strcat': This function or variable may be unsafe. Consider using strcat_s instead. To disable deprecation, use _CRT_SECURE_NO_WARNINGS. See online help for details.
     1>g_ctf.c(3855): warning C4996: 'strcat': This function or variable may be unsafe. Consider using strcat_s instead. To disable deprecation, use _CRT_SECURE_NO_WARNINGS. See online help for details.
     1>g_ctf.c(3873): warning C4996: 'sprintf': This function or variable may be unsafe. Consider using sprintf_s instead. To disable deprecation, use _CRT_SECURE_NO_WARNINGS. See online help for details.
                 C:\Program Files (x86)\Microsoft Visual Studio 12.0\VC\include\stdio.h(356) : see declaration of 'sprintf'
     1>g_ctf.c(3875): warning C4996: 'sprintf': This function or variable may be unsafe. Consider using sprintf_s instead. To disable deprecation, use _CRT_SECURE_NO_WARNINGS. See online help for details.
                 C:\Program Files (x86)\Microsoft Visual Studio 12.0\VC\include\stdio.h(356) : see declaration of 'sprintf'
     1>g_ctf.c(3879): warning C4996: 'strcat': This function or variable may be unsafe. Consider using strcat_s instead. To disable deprecation, use _CRT_SECURE_NO_WARNINGS. See online help for details.
     1>g_ctf.c(3898): warning C4996: 'sprintf': This function or variable may be unsafe. Consider using sprintf_s instead. To disable deprecation, use _CRT_SECURE_NO_WARNINGS. See online help for details.
                 C:\Program Files (x86)\Microsoft Visual Studio 12.0\VC\include\stdio.h(356) : see declaration of 'sprintf'
     1>g_ctf.c(3900): warning C4996: 'strcat': This function or variable may be unsafe. Consider using strcat_s instead. To disable deprecation, use _CRT_SECURE_NO_WARNINGS. See online help for details.
     1>g_ctf.c(3921): warning C4996: 'sprintf': This function or variable may be unsafe. Consider using sprintf_s instead. To disable deprecation, use _CRT_SECURE_NO_WARNINGS. See online help for details.
                 C:\Program Files (x86)\Microsoft Visual Studio 12.0\VC\include\stdio.h(356) : see declaration of 'sprintf'
     1>g_ctf.c(3923): warning C4996: 'sprintf': This function or variable may be unsafe. Consider using sprintf_s instead. To disable deprecation, use _CRT_SECURE_NO_WARNINGS. See online help for details.
                 C:\Program Files (x86)\Microsoft Visual Studio 12.0\VC\include\stdio.h(356) : see declaration of 'sprintf'
     1>g_ctf.c(3927): warning C4996: 'strcat': This function or variable may be unsafe. Consider using strcat_s instead. To disable deprecation, use _CRT_SECURE_NO_WARNINGS. See online help for details.
     1>g_ctf.c(3945): warning C4996: 'strdup': The POSIX name for this item is deprecated. Instead, use the ISO C++ conformant name: _strdup. See online help for details.
                 C:\Program Files (x86)\Microsoft Visual Studio 12.0\VC\include\string.h(245) : see declaration of 'strdup'
     1>g_ctf.c(3947): warning C4996: 'strtok': This function or variable may be unsafe. Consider using strtok_s instead. To disable deprecation, use _CRT_SECURE_NO_WARNINGS. See online help for details.
                 C:\Program Files (x86)\Microsoft Visual Studio 12.0\VC\include\string.h(204) : see declaration of 'strtok'
     1>g_ctf.c(3951): warning C4996: 'strtok': This function or variable may be unsafe. Consider using strtok_s instead. To disable deprecation, use _CRT_SECURE_NO_WARNINGS. See online help for details.
                 C:\Program Files (x86)\Microsoft Visual Studio 12.0\VC\include\string.h(204) : see declaration of 'strtok'
     1>g_ctf.c(3967): warning C4996: 'strncpy': This function or variable may be unsafe. Consider using strncpy_s instead. To disable deprecation, use _CRT_SECURE_NO_WARNINGS. See online help for details.
                 C:\Program Files (x86)\Microsoft Visual Studio 12.0\VC\include\string.h(195) : see declaration of 'strncpy'
     1>g_ctf.c(3973): warning C4996: 'sprintf': This function or variable may be unsafe. Consider using sprintf_s instead. To disable deprecation, use _CRT_SECURE_NO_WARNINGS. See online help for details.
                 C:\Program Files (x86)\Microsoft Visual Studio 12.0\VC\include\stdio.h(356) : see declaration of 'sprintf'
     1>g_ctf.c(3975): warning C4996: 'strncpy': This function or variable may be unsafe. Consider using strncpy_s instead. To disable deprecation, use _CRT_SECURE_NO_WARNINGS. See online help for details.
                 C:\Program Files (x86)\Microsoft Visual Studio 12.0\VC\include\string.h(195) : see declaration of 'strncpy'
     1>g_ctf.c(4011): warning C4996: 'sprintf': This function or variable may be unsafe. Consider using sprintf_s instead. To disable deprecation, use _CRT_SECURE_NO_WARNINGS. See online help for details.
                 C:\Program Files (x86)\Microsoft Visual Studio 12.0\VC\include\stdio.h(356) : see declaration of 'sprintf'
         g_func.c
     1>g_func.c(428): warning C4100: 'activator' : unreferenced formal parameter
     1>g_func.c(428): warning C4100: 'other' : unreferenced formal parameter
     1>g_func.c(436): warning C4100: 'surf' : unreferenced formal parameter
     1>g_func.c(436): warning C4100: 'plane' : unreferenced formal parameter
     1>g_func.c(600): warning C4100: 'surf' : unreferenced formal parameter
     1>g_func.c(600): warning C4100: 'plane' : unreferenced formal parameter
     1>g_func.c(606): warning C4100: 'activator' : unreferenced formal parameter
     1>g_func.c(606): warning C4100: 'other' : unreferenced formal parameter
     1>g_func.c(737): warning C4100: 'other' : unreferenced formal parameter
     1>g_func.c(743): warning C4100: 'surf' : unreferenced formal parameter
     1>g_func.c(743): warning C4100: 'plane' : unreferenced formal parameter
     1>g_func.c(755): warning C4100: 'point' : unreferenced formal parameter
     1>g_func.c(755): warning C4100: 'damage' : unreferenced formal parameter
     1>g_func.c(755): warning C4100: 'inflictor' : unreferenced formal parameter
     1>g_func.c(949): warning C4100: 'other' : unreferenced formal parameter
     1>g_func.c(980): warning C4100: 'surf' : unreferenced formal parameter
     1>g_func.c(980): warning C4100: 'plane' : unreferenced formal parameter
     1>g_func.c(1113): warning C4100: 'point' : unreferenced formal parameter
     1>g_func.c(1113): warning C4100: 'damage' : unreferenced formal parameter
     1>g_func.c(1113): warning C4100: 'inflictor' : unreferenced formal parameter
     1>g_func.c(1125): warning C4100: 'surf' : unreferenced formal parameter
     1>g_func.c(1125): warning C4100: 'plane' : unreferenced formal parameter
     1>g_func.c(1632): warning C4100: 'other' : unreferenced formal parameter
     1>g_func.c(1698): warning C4100: 'activator' : unreferenced formal parameter
     1>g_func.c(1776): warning C4100: 'other' : unreferenced formal parameter
     1>g_func.c(1824): warning C4100: 'activator' : unreferenced formal parameter
     1>g_func.c(1824): warning C4100: 'other' : unreferenced formal parameter
     1>g_func.c(1885): warning C4100: 'activator' : unreferenced formal parameter
     1>g_func.c(1885): warning C4100: 'other' : unreferenced formal parameter
     1>g_func.c(1959): warning C4100: 'point' : unreferenced formal parameter
     1>g_func.c(1959): warning C4100: 'damage' : unreferenced formal parameter
     1>g_func.c(1959): warning C4100: 'inflictor' : unreferenced formal parameter
     1>g_func.c(2036): warning C4100: 'activator' : unreferenced formal parameter
     1>g_func.c(2036): warning C4100: 'other' : unreferenced formal parameter
         g_items.c
     1>g_items.c(43): warning C4211: nonstandard extension used : redefined extern to static
     1>g_items.c(44): warning C4211: nonstandard extension used : redefined extern to static
     1>g_items.c(45): warning C4211: nonstandard extension used : redefined extern to static
     1>g_items.c(724): warning C4100: 'item' : unreferenced formal parameter
     1>g_items.c(780): warning C4100: 'surf' : unreferenced formal parameter
     1>g_items.c(780): warning C4100: 'plane' : unreferenced formal parameter
     1>g_items.c(914): warning C4100: 'activator' : unreferenced formal parameter
     1>g_items.c(914): warning C4100: 'other' : unreferenced formal parameter
         g_main.c
     1>g_main.c(148): warning C4996: 'vsprintf': This function or variable may be unsafe. Consider using vsprintf_s instead. To disable deprecation, use _CRT_SECURE_NO_WARNINGS. See online help for details.
                 C:\Program Files (x86)\Microsoft Visual Studio 12.0\VC\include\stdio.h(356) : see declaration of 'vsprintf'
     1>g_main.c(160): warning C4996: 'vsprintf': This function or variable may be unsafe. Consider using vsprintf_s instead. To disable deprecation, use _CRT_SECURE_NO_WARNINGS. See online help for details.
                 C:\Program Files (x86)\Microsoft Visual Studio 12.0\VC\include\stdio.h(356) : see declaration of 'vsprintf'
     1>g_main.c(238): warning C4996: 'strdup': The POSIX name for this item is deprecated. Instead, use the ISO C++ conformant name: _strdup. See online help for details.
                 C:\Program Files (x86)\Microsoft Visual Studio 12.0\VC\include\string.h(245) : see declaration of 'strdup'
     1>g_main.c(240): warning C4996: 'strtok': This function or variable may be unsafe. Consider using strtok_s instead. To disable deprecation, use _CRT_SECURE_NO_WARNINGS. See online help for details.
                 C:\Program Files (x86)\Microsoft Visual Studio 12.0\VC\include\string.h(204) : see declaration of 'strtok'
     1>g_main.c(244): warning C4996: 'strtok': This function or variable may be unsafe. Consider using strtok_s instead. To disable deprecation, use _CRT_SECURE_NO_WARNINGS. See online help for details.
                 C:\Program Files (x86)\Microsoft Visual Studio 12.0\VC\include\string.h(204) : see declaration of 'strtok'
     1>g_main.c(257): warning C4996: 'strtok': This function or variable may be unsafe. Consider using strtok_s instead. To disable deprecation, use _CRT_SECURE_NO_WARNINGS. See online help for details.
                 C:\Program Files (x86)\Microsoft Visual Studio 12.0\VC\include\string.h(204) : see declaration of 'strtok'
         g_misc.c
     1>g_misc.c(31): warning C4100: 'activator' : unreferenced formal parameter
     1>g_misc.c(31): warning C4100: 'other' : unreferenced formal parameter
     1>g_misc.c(104): warning C4100: 'surf' : unreferenced formal parameter
     1>g_misc.c(104): warning C4100: 'other' : unreferenced formal parameter
     1>g_misc.c(130): warning C4100: 'point' : unreferenced formal parameter
     1>g_misc.c(130): warning C4100: 'damage' : unreferenced formal parameter
     1>g_misc.c(130): warning C4100: 'attacker' : unreferenced formal parameter
     1>g_misc.c(130): warning C4100: 'inflictor' : unreferenced formal parameter
     1>g_misc.c(276): warning C4100: 'point' : unreferenced formal parameter
     1>g_misc.c(276): warning C4100: 'damage' : unreferenced formal parameter
     1>g_misc.c(276): warning C4100: 'attacker' : unreferenced formal parameter
     1>g_misc.c(276): warning C4100: 'inflictor' : unreferenced formal parameter
     1>g_misc.c(358): warning C4100: 'surf' : unreferenced formal parameter
     1>g_misc.c(358): warning C4100: 'plane' : unreferenced formal parameter
     1>g_misc.c(437): warning C4100: 'surf' : unreferenced formal parameter
     1>g_misc.c(437): warning C4100: 'plane' : unreferenced formal parameter
     1>g_misc.c(574): warning C4100: 'activator' : unreferenced formal parameter
     1>g_misc.c(574): warning C4100: 'other' : unreferenced formal parameter
     1>g_misc.c(622): warning C4100: 'activator' : unreferenced formal parameter
     1>g_misc.c(622): warning C4100: 'other' : unreferenced formal parameter
     1>g_misc.c(694): warning C4100: 'surf' : unreferenced formal parameter
     1>g_misc.c(712): warning C4100: 'activator' : unreferenced formal parameter
     1>g_misc.c(712): warning C4100: 'other' : unreferenced formal parameter
     1>g_misc.c(774): warning C4100: 'point' : unreferenced formal parameter
     1>g_misc.c(774): warning C4100: 'damage' : unreferenced formal parameter
     1>g_misc.c(838): warning C4100: 'activator' : unreferenced formal parameter
     1>g_misc.c(843): warning C4100: 'activator' : unreferenced formal parameter
     1>g_misc.c(843): warning C4100: 'other' : unreferenced formal parameter
     1>g_misc.c(902): warning C4100: 'surf' : unreferenced formal parameter
     1>g_misc.c(902): warning C4100: 'plane' : unreferenced formal parameter
     1>g_misc.c(995): warning C4100: 'point' : unreferenced formal parameter
     1>g_misc.c(995): warning C4100: 'damage' : unreferenced formal parameter
     1>g_misc.c(995): warning C4100: 'inflictor' : unreferenced formal parameter
     1>g_misc.c(1050): warning C4100: 'activator' : unreferenced formal parameter
     1>g_misc.c(1050): warning C4100: 'other' : unreferenced formal parameter
     1>g_misc.c(1186): warning C4100: 'activator' : unreferenced formal parameter
     1>g_misc.c(1186): warning C4100: 'other' : unreferenced formal parameter
     1>g_misc.c(1246): warning C4100: 'point' : unreferenced formal parameter
     1>g_misc.c(1246): warning C4100: 'attacker' : unreferenced formal parameter
     1>g_misc.c(1246): warning C4100: 'inflictor' : unreferenced formal parameter
     1>g_misc.c(1359): warning C4100: 'surf' : unreferenced formal parameter
     1>g_misc.c(1359): warning C4100: 'plane' : unreferenced formal parameter
     1>g_misc.c(1359): warning C4100: 'other' : unreferenced formal parameter
     1>g_misc.c(1387): warning C4100: 'other' : unreferenced formal parameter
     1>g_misc.c(1481): warning C4100: 'activator' : unreferenced formal parameter
     1>g_misc.c(1481): warning C4100: 'other' : unreferenced formal parameter
     1>g_misc.c(1606): warning C4100: 'activator' : unreferenced formal parameter
     1>g_misc.c(1606): warning C4100: 'other' : unreferenced formal parameter
     1>g_misc.c(1729): warning C4996: 'localtime': This function or variable may be unsafe. Consider using localtime_s instead. To disable deprecation, use _CRT_SECURE_NO_WARNINGS. See online help for details.
                 C:\Program Files (x86)\Microsoft Visual Studio 12.0\VC\include\time.inl(112) : see declaration of 'localtime'
     1>g_misc.c(1769): warning C4100: 'other' : unreferenced formal parameter
     1>g_misc.c(1812): warning C4100: 'surf' : unreferenced formal parameter
     1>g_misc.c(1812): warning C4100: 'plane' : unreferenced formal parameter
         g_monster.c
     1>g_monster.c(91): warning C4100: 'kick' : unreferenced formal parameter
     1>g_monster.c(440): warning C4100: 'other' : unreferenced formal parameter
     1>g_monster.c(483): warning C4100: 'other' : unreferenced formal parameter
         g_phys.c
         g_save.c
     1>g_save.c(238): warning C4100: 'f' : unreferenced formal parameter
     1>g_save.c(446): warning C4996: 'fopen': This function or variable may be unsafe. Consider using fopen_s instead. To disable deprecation, use _CRT_SECURE_NO_WARNINGS. See online help for details.
                 C:\Program Files (x86)\Microsoft Visual Studio 12.0\VC\include\stdio.h(211) : see declaration of 'fopen'
     1>g_save.c(451): warning C4996: 'strcpy': This function or variable may be unsafe. Consider using strcpy_s instead. To disable deprecation, use _CRT_SECURE_NO_WARNINGS. See online help for details.
     1>g_save.c(472): warning C4996: 'fopen': This function or variable may be unsafe. Consider using fopen_s instead. To disable deprecation, use _CRT_SECURE_NO_WARNINGS. See online help for details.
                 C:\Program Files (x86)\Microsoft Visual Studio 12.0\VC\include\stdio.h(211) : see declaration of 'fopen'
     1>g_save.c(612): warning C4996: 'fopen': This function or variable may be unsafe. Consider using fopen_s instead. To disable deprecation, use _CRT_SECURE_NO_WARNINGS. See online help for details.
                 C:\Program Files (x86)\Microsoft Visual Studio 12.0\VC\include\stdio.h(211) : see declaration of 'fopen'
     1>g_save.c(621): warning C4054: 'type cast' : from function pointer 'void (__cdecl *)(void)' to data pointer 'void *'
     1>g_save.c(667): warning C4996: 'fopen': This function or variable may be unsafe. Consider using fopen_s instead. To disable deprecation, use _CRT_SECURE_NO_WARNINGS. See online help for details.
                 C:\Program Files (x86)\Microsoft Visual Studio 12.0\VC\include\stdio.h(211) : see declaration of 'fopen'
     1>g_save.c(689): warning C4054: 'type cast' : from function pointer 'void (__cdecl *)(void)' to data pointer 'void *'
     1>g_save.c(699): warning C4127: conditional expression is constant
         g_spawn.c
     1>g_spawn.c(400): warning C4996: 'sscanf': This function or variable may be unsafe. Consider using sscanf_s instead. To disable deprecation, use _CRT_SECURE_NO_WARNINGS. See online help for details.
                 C:\Program Files (x86)\Microsoft Visual Studio 12.0\VC\include\stdio.h(304) : see declaration of 'sscanf'
     1>g_spawn.c(444): warning C4127: conditional expression is constant
     1>g_spawn.c(453): warning C4996: 'strncpy': This function or variable may be unsafe. Consider using strncpy_s instead. To disable deprecation, use _CRT_SECURE_NO_WARNINGS. See online help for details.
                 C:\Program Files (x86)\Microsoft Visual Studio 12.0\VC\include\string.h(195) : see declaration of 'strncpy'
     1>g_spawn.c(563): warning C4996: 'strncpy': This function or variable may be unsafe. Consider using strncpy_s instead. To disable deprecation, use _CRT_SECURE_NO_WARNINGS. See online help for details.
                 C:\Program Files (x86)\Microsoft Visual Studio 12.0\VC\include\string.h(195) : see declaration of 'strncpy'
     1>g_spawn.c(564): warning C4996: 'strncpy': This function or variable may be unsafe. Consider using strncpy_s instead. To disable deprecation, use _CRT_SECURE_NO_WARNINGS. See online help for details.
                 C:\Program Files (x86)\Microsoft Visual Studio 12.0\VC\include\string.h(195) : see declaration of 'strncpy'
     1>g_spawn.c(574): warning C4127: conditional expression is constant
     1>g_spawn.c(590): warning C4996: 'stricmp': The POSIX name for this item is deprecated. Instead, use the ISO C++ conformant name: _stricmp. See online help for details.
                 C:\Program Files (x86)\Microsoft Visual Studio 12.0\VC\include\string.h(253) : see declaration of 'stricmp'
     1>g_spawn.c(810): warning C4996: 'strcpy': This function or variable may be unsafe. Consider using strcpy_s instead. To disable deprecation, use _CRT_SECURE_NO_WARNINGS. See online help for details.
     1>g_spawn.c(817): warning C4996: 'strncpy': This function or variable may be unsafe. Consider using strncpy_s instead. To disable deprecation, use _CRT_SECURE_NO_WARNINGS. See online help for details.
                 C:\Program Files (x86)\Microsoft Visual Studio 12.0\VC\include\string.h(195) : see declaration of 'strncpy'
     1>g_spawn.c(820): warning C4996: 'strncpy': This function or variable may be unsafe. Consider using strncpy_s instead. To disable deprecation, use _CRT_SECURE_NO_WARNINGS. See online help for details.
                 C:\Program Files (x86)\Microsoft Visual Studio 12.0\VC\include\string.h(195) : see declaration of 'strncpy'
         g_svcmds.c
         g_target.c
     1>g_target.c(26): warning C4100: 'activator' : unreferenced formal parameter
     1>g_target.c(26): warning C4100: 'other' : unreferenced formal parameter
     1>g_target.c(58): warning C4100: 'activator' : unreferenced formal parameter
     1>g_target.c(58): warning C4100: 'other' : unreferenced formal parameter
     1>g_target.c(93): warning C4996: 'strncpy': This function or variable may be unsafe. Consider using strncpy_s instead. To disable deprecation, use _CRT_SECURE_NO_WARNINGS. See online help for details.
                 C:\Program Files (x86)\Microsoft Visual Studio 12.0\VC\include\string.h(195) : see declaration of 'strncpy'
     1>g_target.c(121): warning C4996: 'strncpy': This function or variable may be unsafe. Consider using strncpy_s instead. To disable deprecation, use _CRT_SECURE_NO_WARNINGS. See online help for details.
                 C:\Program Files (x86)\Microsoft Visual Studio 12.0\VC\include\string.h(195) : see declaration of 'strncpy'
     1>g_target.c(123): warning C4996: 'strncpy': This function or variable may be unsafe. Consider using strncpy_s instead. To disable deprecation, use _CRT_SECURE_NO_WARNINGS. See online help for details.
                 C:\Program Files (x86)\Microsoft Visual Studio 12.0\VC\include\string.h(195) : see declaration of 'strncpy'
     1>g_target.c(118): warning C4100: 'activator' : unreferenced formal parameter
     1>g_target.c(118): warning C4100: 'other' : unreferenced formal parameter
     1>g_target.c(154): warning C4100: 'other' : unreferenced formal parameter
     1>g_target.c(179): warning C4996: 'stricmp': The POSIX name for this item is deprecated. Instead, use the ISO C++ conformant name: _stricmp. See online help for details.
                 C:\Program Files (x86)\Microsoft Visual Studio 12.0\VC\include\string.h(253) : see declaration of 'stricmp'
     1>g_target.c(189): warning C4100: 'other' : unreferenced formal parameter
     1>g_target.c(244): warning C4100: 'other' : unreferenced formal parameter
     1>g_target.c(312): warning C4996: 'stricmp': The POSIX name for this item is deprecated. Instead, use the ISO C++ conformant name: _stricmp. See online help for details.
                 C:\Program Files (x86)\Microsoft Visual Studio 12.0\VC\include\string.h(253) : see declaration of 'stricmp'
     1>g_target.c(338): warning C4100: 'other' : unreferenced formal parameter
     1>g_target.c(380): warning C4100: 'activator' : unreferenced formal parameter
     1>g_target.c(380): warning C4100: 'other' : unreferenced formal parameter
     1>g_target.c(416): warning C4100: 'activator' : unreferenced formal parameter
     1>g_target.c(416): warning C4100: 'other' : unreferenced formal parameter
     1>g_target.c(451): warning C4100: 'activator' : unreferenced formal parameter
     1>g_target.c(451): warning C4100: 'other' : unreferenced formal parameter
     1>g_target.c(523): warning C4127: conditional expression is constant
     1>g_target.c(576): warning C4100: 'other' : unreferenced formal parameter
     1>g_target.c(687): warning C4127: conditional expression is constant
     1>g_target.c(679): warning C4100: 'activator' : unreferenced formal parameter
     1>g_target.c(679): warning C4100: 'other' : unreferenced formal parameter
     1>g_target.c(785): warning C4100: 'other' : unreferenced formal parameter
         g_trigger.c
     1>g_trigger.c(66): warning C4100: 'other' : unreferenced formal parameter
     1>g_trigger.c(72): warning C4100: 'surf' : unreferenced formal parameter
     1>g_trigger.c(72): warning C4100: 'plane' : unreferenced formal parameter
     1>g_trigger.c(111): warning C4100: 'activator' : unreferenced formal parameter
     1>g_trigger.c(111): warning C4100: 'other' : unreferenced formal parameter
     1>g_trigger.c(189): warning C4100: 'other' : unreferenced formal parameter
     1>g_trigger.c(212): warning C4100: 'other' : unreferenced formal parameter
     1>g_trigger.c(326): warning C4100: 'other' : unreferenced formal parameter
     1>g_trigger.c(394): warning C4100: 'surf' : unreferenced formal parameter
     1>g_trigger.c(394): warning C4100: 'plane' : unreferenced formal parameter
     1>g_trigger.c(455): warning C4100: 'activator' : unreferenced formal parameter
     1>g_trigger.c(455): warning C4100: 'other' : unreferenced formal parameter
     1>g_trigger.c(468): warning C4100: 'surf' : unreferenced formal parameter
     1>g_trigger.c(468): warning C4100: 'plane' : unreferenced formal parameter
     1>g_trigger.c(532): warning C4100: 'surf' : unreferenced formal parameter
     1>g_trigger.c(532): warning C4100: 'plane' : unreferenced formal parameter
     1>g_trigger.c(566): warning C4100: 'surf' : unreferenced formal parameter
     1>g_trigger.c(566): warning C4100: 'plane' : unreferenced formal parameter
         g_utils.c
     1>g_utils.c(130): warning C4127: conditional expression is constant
     1>g_utils.c(398): warning C4996: 'strcpy': This function or variable may be unsafe. Consider using strcpy_s instead. To disable deprecation, use _CRT_SECURE_NO_WARNINGS. See online help for details.
     1>g_utils.c(555): warning C4127: conditional expression is constant
         g_weapon.c
     1>g_weapon.c(450): warning C4100: 'plane' : unreferenced formal parameter
     1>g_weapon.c(846): warning C4127: conditional expression is constant
         m_move.c
         p_client.c
     1>p_client.c(46): warning C4127: conditional expression is constant
     1>p_client.c(56): warning C4996: 'stricmp': The POSIX name for this item is deprecated. Instead, use the ISO C++ conformant name: _stricmp. See online help for details.
                 C:\Program Files (x86)\Microsoft Visual Studio 12.0\VC\include\string.h(253) : see declaration of 'stricmp'
     1>p_client.c(74): warning C4996: 'stricmp': The POSIX name for this item is deprecated. Instead, use the ISO C++ conformant name: _stricmp. See online help for details.
                 C:\Program Files (x86)\Microsoft Visual Studio 12.0\VC\include\string.h(253) : see declaration of 'stricmp'
     1>p_client.c(70): warning C4100: 'self' : unreferenced formal parameter
     1>p_client.c(112): warning C4996: 'stricmp': The POSIX name for this item is deprecated. Instead, use the ISO C++ conformant name: _stricmp. See online help for details.
                 C:\Program Files (x86)\Microsoft Visual Studio 12.0\VC\include\string.h(253) : see declaration of 'stricmp'
     1>p_client.c(158): warning C4996: 'stricmp': The POSIX name for this item is deprecated. Instead, use the ISO C++ conformant name: _stricmp. See online help for details.
                 C:\Program Files (x86)\Microsoft Visual Studio 12.0\VC\include\string.h(253) : see declaration of 'stricmp'
     1>p_client.c(179): warning C4100: 'damage' : unreferenced formal parameter
     1>p_client.c(179): warning C4100: 'kick' : unreferenced formal parameter
     1>p_client.c(179): warning C4100: 'other' : unreferenced formal parameter
     1>p_client.c(179): warning C4100: 'self' : unreferenced formal parameter
     1>p_client.c(199): warning C4100: 'inflictor' : unreferenced formal parameter
     1>p_client.c(489): warning C4100: 'point' : unreferenced formal parameter
     1>p_client.c(874): warning C4127: conditional expression is constant
     1>p_client.c(964): warning C4100: 'point' : unreferenced formal parameter
     1>p_client.c(964): warning C4100: 'attacker' : unreferenced formal parameter
     1>p_client.c(964): warning C4100: 'inflictor' : unreferenced formal parameter
     1>p_client.c(1315): warning C4996: 'strcpy': This function or variable may be unsafe. Consider using strcpy_s instead. To disable deprecation, use _CRT_SECURE_NO_WARNINGS. See online help for details.
     1>p_client.c(1320): warning C4996: 'strncpy': This function or variable may be unsafe. Consider using strncpy_s instead. To disable deprecation, use _CRT_SECURE_NO_WARNINGS. See online help for details.
                 C:\Program Files (x86)\Microsoft Visual Studio 12.0\VC\include\string.h(195) : see declaration of 'strncpy'
     1>p_client.c(1357): warning C4996: 'strncpy': This function or variable may be unsafe. Consider using strncpy_s instead. To disable deprecation, use _CRT_SECURE_NO_WARNINGS. See online help for details.
                 C:\Program Files (x86)\Microsoft Visual Studio 12.0\VC\include\string.h(195) : see declaration of 'strncpy'
         Generating Code...
     1>c:\users\brian temple\quake2gamemod\ctf\g_utils.c(215): warning C4706: assignment within conditional expression
     1>c:\users\brian temple\quake2gamemod\ctf\g_utils.c(234): warning C4706: assignment within conditional expression
     1>c:\users\brian temple\quake2gamemod\ctf\g_func.c(859): warning C4706: assignment within conditional expression
     1>c:\users\brian temple\quake2gamemod\ctf\g_ctf.c(644): warning C4701: potentially uninitialized local variable 'carrier' used
     1>c:\users\brian temple\quake2gamemod\ctf\g_ctf.c(644): warning C4703: potentially uninitialized local pointer variable 'carrier' used
     1>c:\users\brian temple\quake2gamemod\ctf\g_combat.c(249): warning C4701: potentially uninitialized local variable 'index' used
     1>c:\users\brian temple\quake2gamemod\ctf\g_combat.c(209): warning C4701: potentially uninitialized local variable 'power' used
         Compiling...
         p_hud.c
     1>p_hud.c(246): warning C4996: 'strcpy': This function or variable may be unsafe. Consider using strcpy_s instead. To disable deprecation, use _CRT_SECURE_NO_WARNINGS. See online help for details.
     1>p_hud.c(257): warning C4996: 'strcpy': This function or variable may be unsafe. Consider using strcpy_s instead. To disable deprecation, use _CRT_SECURE_NO_WARNINGS. See online help for details.
         p_menu.c
     1>p_menu.c(48): warning C4996: 'strdup': The POSIX name for this item is deprecated. Instead, use the ISO C++ conformant name: _strdup. See online help for details.
                 C:\Program Files (x86)\Microsoft Visual Studio 12.0\VC\include\string.h(245) : see declaration of 'strdup'
     1>p_menu.c(99): warning C4996: 'strdup': The POSIX name for this item is deprecated. Instead, use the ISO C++ conformant name: _strdup. See online help for details.
                 C:\Program Files (x86)\Microsoft Visual Studio 12.0\VC\include\string.h(245) : see declaration of 'strdup'
     1>p_menu.c(121): warning C4996: 'strcpy': This function or variable may be unsafe. Consider using strcpy_s instead. To disable deprecation, use _CRT_SECURE_NO_WARNINGS. See online help for details.
     1>p_menu.c(131): warning C4996: 'sprintf': This function or variable may be unsafe. Consider using sprintf_s instead. To disable deprecation, use _CRT_SECURE_NO_WARNINGS. See online help for details.
                 C:\Program Files (x86)\Microsoft Visual Studio 12.0\VC\include\stdio.h(356) : see declaration of 'sprintf'
     1>p_menu.c(140): warning C4996: 'sprintf': This function or variable may be unsafe. Consider using sprintf_s instead. To disable deprecation, use _CRT_SECURE_NO_WARNINGS. See online help for details.
                 C:\Program Files (x86)\Microsoft Visual Studio 12.0\VC\include\stdio.h(356) : see declaration of 'sprintf'
     1>p_menu.c(143): warning C4996: 'sprintf': This function or variable may be unsafe. Consider using sprintf_s instead. To disable deprecation, use _CRT_SECURE_NO_WARNINGS. See online help for details.
                 C:\Program Files (x86)\Microsoft Visual Studio 12.0\VC\include\stdio.h(356) : see declaration of 'sprintf'
     1>p_menu.c(145): warning C4996: 'sprintf': This function or variable may be unsafe. Consider using sprintf_s instead. To disable deprecation, use _CRT_SECURE_NO_WARNINGS. See online help for details.
                 C:\Program Files (x86)\Microsoft Visual Studio 12.0\VC\include\stdio.h(356) : see declaration of 'sprintf'
     1>p_menu.c(147): warning C4996: 'sprintf': This function or variable may be unsafe. Consider using sprintf_s instead. To disable deprecation, use _CRT_SECURE_NO_WARNINGS. See online help for details.
                 C:\Program Files (x86)\Microsoft Visual Studio 12.0\VC\include\stdio.h(356) : see declaration of 'sprintf'
         p_trail.c
         p_view.c
     1>p_view.c(42): warning C4100: 'angles' : unreferenced formal parameter
         p_weapon.c
     1>p_weapon.c(26): warning C4211: nonstandard extension used : redefined extern to static
     1>p_weapon.c(558): warning C4996: 'stricmp': The POSIX name for this item is deprecated. Instead, use the ISO C++ conformant name: _stricmp. See online help for details.
                 C:\Program Files (x86)\Microsoft Visual Studio 12.0\VC\include\string.h(253) : see declaration of 'stricmp'
         q_shared.c
     1>q_shared.c(266): warning C4100: 'f' : unreferenced formal parameter
     1>q_shared.c(418): warning C4100: 'p' : unreferenced formal parameter
     1>q_shared.c(418): warning C4100: 'emaxs' : unreferenced formal parameter
     1>q_shared.c(418): warning C4100: 'emins' : unreferenced formal parameter
     1>q_shared.c(876): warning C4996: 'strncpy': This function or variable may be unsafe. Consider using strncpy_s instead. To disable deprecation, use _CRT_SECURE_NO_WARNINGS. See online help for details.
                 C:\Program Files (x86)\Microsoft Visual Studio 12.0\VC\include\string.h(195) : see declaration of 'strncpy'
     1>q_shared.c(897): warning C4996: 'strncpy': This function or variable may be unsafe. Consider using strncpy_s instead. To disable deprecation, use _CRT_SECURE_NO_WARNINGS. See online help for details.
                 C:\Program Files (x86)\Microsoft Visual Studio 12.0\VC\include\string.h(195) : see declaration of 'strncpy'
     1>q_shared.c(923): warning C4996: 'strcat': This function or variable may be unsafe. Consider using strcat_s instead. To disable deprecation, use _CRT_SECURE_NO_WARNINGS. See online help for details.
     1>q_shared.c(1056): warning C4996: 'vsprintf': This function or variable may be unsafe. Consider using vsprintf_s instead. To disable deprecation, use _CRT_SECURE_NO_WARNINGS. See online help for details.
                 C:\Program Files (x86)\Microsoft Visual Studio 12.0\VC\include\stdio.h(356) : see declaration of 'vsprintf'
     1>q_shared.c(1113): warning C4127: conditional expression is constant
     1>q_shared.c(1231): warning C4996: 'vsprintf': This function or variable may be unsafe. Consider using vsprintf_s instead. To disable deprecation, use _CRT_SECURE_NO_WARNINGS. See online help for details.
                 C:\Program Files (x86)\Microsoft Visual Studio 12.0\VC\include\stdio.h(356) : see declaration of 'vsprintf'
     1>q_shared.c(1235): warning C4996: 'strncpy': This function or variable may be unsafe. Consider using strncpy_s instead. To disable deprecation, use _CRT_SECURE_NO_WARNINGS. See online help for details.
                 C:\Program Files (x86)\Microsoft Visual Studio 12.0\VC\include\string.h(195) : see declaration of 'strncpy'
     1>q_shared.c(1265): warning C4127: conditional expression is constant
     1>q_shared.c(1309): warning C4127: conditional expression is constant
     1>q_shared.c(1335): warning C4996: 'strcpy': This function or variable may be unsafe. Consider using strcpy_s instead. To disable deprecation, use _CRT_SECURE_NO_WARNINGS. See online help for details.
         Generating Code...
     1>c:\users\brian temple\quake2gamemod\ctf\p_hud.c(441): warning C4701: potentially uninitialized local variable 'cells' used
     1>C:\Program Files (x86)\MSBuild\Microsoft.Cpp\v4.0\V120\Microsoft.CppBuild.targets(1186,5): warning MSB8012: TargetPath(C:\Users\Brian Temple\Quake2GameMod\ctf\.\release\ctf.dll) does not match the Linker's OutputFile property value (C:\Users\Brian Temple\Quake2GameMod\ctf\release\gamex86.dll). This may cause your project to build incorrectly. To correct this, please make sure that $(OutDir), $(TargetName) and $(TargetExt) property values match the value specified in %(Link.OutputFile).
     1>C:\Program Files (x86)\MSBuild\Microsoft.Cpp\v4.0\V120\Microsoft.CppBuild.targets(1188,5): warning MSB8012: TargetName(ctf) does not match the Linker's OutputFile property value (gamex86). This may cause your project to build incorrectly. To correct this, please make sure that $(OutDir), $(TargetName) and $(TargetExt) property values match the value specified in %(Link.OutputFile).
       Link:
         C:\Program Files (x86)\Microsoft Visual Studio 12.0\VC\bin\link.exe /ERRORREPORT:PROMPT /OUT:".\release\gamex86.dll" /INCREMENTAL:NO /NOLOGO winmm.lib kernel32.lib user32.lib gdi32.lib winspool.lib comdlg32.lib advapi32.lib shell32.lib ole32.lib oleaut32.lib uuid.lib odbc32.lib odbccp32.lib /DEF:".\ctf.def" /MANIFEST /MANIFESTUAC:"level='asInvoker' uiAccess='false'" /manifest:embed /PDB:".\release\ctf.pdb" /SUBSYSTEM:WINDOWS /TLBID:1 /DYNAMICBASE /NXCOMPAT /IMPLIB:".\release\gamex86.lib" /MACHINE:X86 /SAFESEH /DLL .\release\g_ai.obj
         .\release\g_chase.obj
         .\release\g_cmds.obj
         .\release\g_combat.obj
         .\release\g_ctf.obj
         .\release\g_func.obj
         .\release\g_items.obj
         .\release\g_main.obj
         .\release\g_misc.obj
         .\release\g_monster.obj
         .\release\g_phys.obj
         .\release\g_save.obj
         .\release\g_spawn.obj
         .\release\g_svcmds.obj
         .\release\g_target.obj
         .\release\g_trigger.obj
         .\release\g_utils.obj
         .\release\g_weapon.obj
         .\release\m_move.obj
         .\release\p_client.obj
         .\release\p_hud.obj
         .\release\p_menu.obj
         .\release\p_trail.obj
         .\release\p_view.obj
         .\release\p_weapon.obj
         .\release\q_shared.obj
            Creating library .\release\gamex86.lib and object .\release\gamex86.exp
         ctf.vcxproj -> C:\Users\Brian Temple\Quake2GameMod\ctf\.\release\ctf.dll
     1>Done Building Project "C:\Users\Brian Temple\Quake2GameMod\ctf\ctf.vcxproj" (Build target(s)).

Build succeeded.

Time Elapsed 00:00:02.53
