Build started 5/1/2021 6:23:44 PM.
     1>Project "C:\Users\Brian Temple\Quake2GameMod\quake2.vcxproj" on node 4 (Build target(s)).
     1>ClCompile:
         C:\Program Files (x86)\Microsoft Visual Studio 12.0\VC\bin\CL.exe /c /Z7 /nologo /W4 /WX- /O2 /Oy- /D WIN32 /D NDEBUG /D _WINDOWS /D _VC80_UPGRADE=0x0600 /GF /Gm- /EHsc /MT /GS /Gy /fp:precise /Zc:wchar_t /Zc:forScope /Fo".\release\\" /Fd".\release\vc120.pdb" /Gd /TC /analyze- /errorReport:prompt client\cl_cin.c client\cl_ents.c client\cl_fx.c client\cl_input.c client\cl_inv.c client\cl_main.c client\cl_newfx.c client\cl_parse.c client\cl_pred.c client\cl_scrn.c client\cl_tent.c client\cl_view.c client\console.c client\keys.c client\menu.c client\qmenu.c client\snd_dma.c client\snd_mem.c client\snd_mix.c client\x86.c game\m_flash.c game\q_shared.c qcommon\cmd.c qcommon\cmodel.c qcommon\common.c qcommon\crc.c qcommon\cvar.c qcommon\files.c qcommon\net_chan.c qcommon\pmove.c server\sv_ccmds.c server\sv_ents.c server\sv_game.c server\sv_init.c server\sv_main.c server\sv_send.c server\sv_user.c server\sv_world.c win32\cd_win.c win32\in_win.c win32\net_wins.c win32\q_shwin.c win32\snd_win.c win32\sys_win.c win32\vid_dll.c win32\vid_menu.c
         cl_cin.c
     1>client\cl_cin.c(557): warning C4057: 'function' : 'const unsigned char *' differs in indirection to slightly different base types from 'char [768]'
         cl_ents.c
     1>client\cl_ents.c(413): warning C4127: conditional expression is constant
     1>client\cl_ents.c(415): warning C4057: 'function' : 'unsigned int *' differs in indirection to slightly different base types from 'int *'
     1>client\cl_ents.c(797): warning C4996: 'strcpy': This function or variable may be unsafe. Consider using strcpy_s instead. To disable deprecation, use _CRT_SECURE_NO_WARNINGS. See online help for details.
     1>client\cl_ents.c(805): warning C4996: 'strcpy': This function or variable may be unsafe. Consider using strcpy_s instead. To disable deprecation, use _CRT_SECURE_NO_WARNINGS. See online help for details.
         cl_fx.c
         cl_input.c
         cl_inv.c
         cl_main.c
     1>client\cl_main.c(195): warning C4996: 'fopen': This function or variable may be unsafe. Consider using fopen_s instead. To disable deprecation, use _CRT_SECURE_NO_WARNINGS. See online help for details.
                 C:\Program Files (x86)\Microsoft Visual Studio 12.0\VC\include\stdio.h(211) : see declaration of 'fopen'
     1>client\cl_main.c(209): warning C4057: 'function' : 'byte *' differs in indirection to slightly different base types from 'char [1400]'
     1>client\cl_main.c(313): warning C4996: 'strcpy': This function or variable may be unsafe. Consider using strcpy_s instead. To disable deprecation, use _CRT_SECURE_NO_WARNINGS. See online help for details.
     1>client\cl_main.c(314): warning C4996: 'strcat': This function or variable may be unsafe. Consider using strcat_s instead. To disable deprecation, use _CRT_SECURE_NO_WARNINGS. See online help for details.
     1>client\cl_main.c(318): warning C4996: 'strcat': This function or variable may be unsafe. Consider using strcat_s instead. To disable deprecation, use _CRT_SECURE_NO_WARNINGS. See online help for details.
     1>client\cl_main.c(319): warning C4996: 'strcat': This function or variable may be unsafe. Consider using strcat_s instead. To disable deprecation, use _CRT_SECURE_NO_WARNINGS. See online help for details.
     1>client\cl_main.c(322): warning C4996: 'putenv': The POSIX name for this item is deprecated. Instead, use the ISO C++ conformant name: _putenv. See online help for details.
                 C:\Program Files (x86)\Microsoft Visual Studio 12.0\VC\include\stdlib.h(941) : see declaration of 'putenv'
     1>client\cl_main.c(326): warning C4996: 'getenv': This function or variable may be unsafe. Consider using _dupenv_s instead. To disable deprecation, use _CRT_SECURE_NO_WARNINGS. See online help for details.
                 C:\Program Files (x86)\Microsoft Visual Studio 12.0\VC\include\stdlib.h(462) : see declaration of 'getenv'
     1>client\cl_main.c(457): warning C4996: 'strncpy': This function or variable may be unsafe. Consider using strncpy_s instead. To disable deprecation, use _CRT_SECURE_NO_WARNINGS. See online help for details.
                 C:\Program Files (x86)\Microsoft Visual Studio 12.0\VC\include\string.h(195) : see declaration of 'strncpy'
     1>client\cl_main.c(520): warning C4996: 'strncpy': This function or variable may be unsafe. Consider using strncpy_s instead. To disable deprecation, use _CRT_SECURE_NO_WARNINGS. See online help for details.
                 C:\Program Files (x86)\Microsoft Visual Studio 12.0\VC\include\string.h(195) : see declaration of 'strncpy'
     1>client\cl_main.c(546): warning C4310: cast truncates constant value
     1>client\cl_main.c(547): warning C4310: cast truncates constant value
     1>client\cl_main.c(548): warning C4310: cast truncates constant value
     1>client\cl_main.c(549): warning C4310: cast truncates constant value
     1>client\cl_main.c(554): warning C4996: 'strcat': This function or variable may be unsafe. Consider using strcat_s instead. To disable deprecation, use _CRT_SECURE_NO_WARNINGS. See online help for details.
     1>client\cl_main.c(556): warning C4996: 'strcat': This function or variable may be unsafe. Consider using strcat_s instead. To disable deprecation, use _CRT_SECURE_NO_WARNINGS. See online help for details.
     1>client\cl_main.c(557): warning C4996: 'strcat': This function or variable may be unsafe. Consider using strcat_s instead. To disable deprecation, use _CRT_SECURE_NO_WARNINGS. See online help for details.
     1>client\cl_main.c(561): warning C4996: 'strcat': This function or variable may be unsafe. Consider using strcat_s instead. To disable deprecation, use _CRT_SECURE_NO_WARNINGS. See online help for details.
     1>client\cl_main.c(562): warning C4996: 'strcat': This function or variable may be unsafe. Consider using strcat_s instead. To disable deprecation, use _CRT_SECURE_NO_WARNINGS. See online help for details.
     1>client\cl_main.c(646): warning C4996: 'strcpy': This function or variable may be unsafe. Consider using strcpy_s instead. To disable deprecation, use _CRT_SECURE_NO_WARNINGS. See online help for details.
     1>client\cl_main.c(647): warning C4057: 'function' : 'const char *' differs in indirection to slightly different base types from 'byte [32]'
     1>client\cl_main.c(648): warning C4057: 'function' : 'const char *' differs in indirection to slightly different base types from 'byte [32]'
     1>client\cl_main.c(649): warning C4057: 'function' : 'const char *' differs in indirection to slightly different base types from 'byte [32]'
     1>client\cl_main.c(702): warning C4310: cast truncates constant value
     1>client\cl_main.c(1063): warning C4996: 'strncpy': This function or variable may be unsafe. Consider using strncpy_s instead. To disable deprecation, use _CRT_SECURE_NO_WARNINGS. See online help for details.
                 C:\Program Files (x86)\Microsoft Visual Studio 12.0\VC\include\string.h(195) : see declaration of 'strncpy'
     1>client\cl_main.c(1248): warning C4996: 'strcpy': This function or variable may be unsafe. Consider using strcpy_s instead. To disable deprecation, use _CRT_SECURE_NO_WARNINGS. See online help for details.
     1>client\cl_main.c(1254): warning C4996: 'strcpy': This function or variable may be unsafe. Consider using strcpy_s instead. To disable deprecation, use _CRT_SECURE_NO_WARNINGS. See online help for details.
     1>client\cl_main.c(1315): warning C4389: '!=' : signed/unsigned mismatch
     1>client\cl_main.c(1355): warning C4996: 'sprintf': This function or variable may be unsafe. Consider using sprintf_s instead. To disable deprecation, use _CRT_SECURE_NO_WARNINGS. See online help for details.
                 C:\Program Files (x86)\Microsoft Visual Studio 12.0\VC\include\stdio.h(356) : see declaration of 'sprintf'
     1>client\cl_main.c(1565): warning C4996: 'fopen': This function or variable may be unsafe. Consider using fopen_s instead. To disable deprecation, use _CRT_SECURE_NO_WARNINGS. See online help for details.
                 C:\Program Files (x86)\Microsoft Visual Studio 12.0\VC\include\stdio.h(211) : see declaration of 'fopen'
         cl_newfx.c
     1>client\cl_newfx.c(279): warning C4100: 'ent' : unreferenced formal parameter
         cl_parse.c
     1>client\cl_parse.c(85): warning C4996: 'strcpy': This function or variable may be unsafe. Consider using strcpy_s instead. To disable deprecation, use _CRT_SECURE_NO_WARNINGS. See online help for details.
     1>client\cl_parse.c(91): warning C4996: 'strcat': This function or variable may be unsafe. Consider using strcat_s instead. To disable deprecation, use _CRT_SECURE_NO_WARNINGS. See online help for details.
     1>client\cl_parse.c(100): warning C4996: 'fopen': This function or variable may be unsafe. Consider using fopen_s instead. To disable deprecation, use _CRT_SECURE_NO_WARNINGS. See online help for details.
                 C:\Program Files (x86)\Microsoft Visual Studio 12.0\VC\include\stdio.h(211) : see declaration of 'fopen'
     1>client\cl_parse.c(155): warning C4996: 'strcpy': This function or variable may be unsafe. Consider using strcpy_s instead. To disable deprecation, use _CRT_SECURE_NO_WARNINGS. See online help for details.
     1>client\cl_parse.c(162): warning C4996: 'strcat': This function or variable may be unsafe. Consider using strcat_s instead. To disable deprecation, use _CRT_SECURE_NO_WARNINGS. See online help for details.
     1>client\cl_parse.c(229): warning C4996: 'fopen': This function or variable may be unsafe. Consider using fopen_s instead. To disable deprecation, use _CRT_SECURE_NO_WARNINGS. See online help for details.
                 C:\Program Files (x86)\Microsoft Visual Studio 12.0\VC\include\stdio.h(211) : see declaration of 'fopen'
     1>client\cl_parse.c(327): warning C4996: 'strncpy': This function or variable may be unsafe. Consider using strncpy_s instead. To disable deprecation, use _CRT_SECURE_NO_WARNINGS. See online help for details.
                 C:\Program Files (x86)\Microsoft Visual Studio 12.0\VC\include\string.h(195) : see declaration of 'strncpy'
     1>client\cl_parse.c(368): warning C4057: 'function' : 'unsigned int *' differs in indirection to slightly different base types from 'int *'
     1>client\cl_parse.c(390): warning C4996: 'strncpy': This function or variable may be unsafe. Consider using strncpy_s instead. To disable deprecation, use _CRT_SECURE_NO_WARNINGS. See online help for details.
                 C:\Program Files (x86)\Microsoft Visual Studio 12.0\VC\include\string.h(195) : see declaration of 'strncpy'
     1>client\cl_parse.c(394): warning C4996: 'strncpy': This function or variable may be unsafe. Consider using strncpy_s instead. To disable deprecation, use _CRT_SECURE_NO_WARNINGS. See online help for details.
                 C:\Program Files (x86)\Microsoft Visual Studio 12.0\VC\include\string.h(195) : see declaration of 'strncpy'
     1>client\cl_parse.c(418): warning C4996: 'strcpy': This function or variable may be unsafe. Consider using strcpy_s instead. To disable deprecation, use _CRT_SECURE_NO_WARNINGS. See online help for details.
     1>client\cl_parse.c(427): warning C4996: 'strcpy': This function or variable may be unsafe. Consider using strcpy_s instead. To disable deprecation, use _CRT_SECURE_NO_WARNINGS. See online help for details.
     1>client\cl_parse.c(434): warning C4996: 'strcpy': This function or variable may be unsafe. Consider using strcpy_s instead. To disable deprecation, use _CRT_SECURE_NO_WARNINGS. See online help for details.
     1>client\cl_parse.c(448): warning C4996: 'strcpy': This function or variable may be unsafe. Consider using strcpy_s instead. To disable deprecation, use _CRT_SECURE_NO_WARNINGS. See online help for details.
     1>client\cl_parse.c(528): warning C4996: 'strcpy': This function or variable may be unsafe. Consider using strcpy_s instead. To disable deprecation, use _CRT_SECURE_NO_WARNINGS. See online help for details.
     1>client\cl_parse.c(670): warning C4127: conditional expression is constant
     1>client\cl_parse.c(784): warning C4996: 'strncpy': This function or variable may be unsafe. Consider using strncpy_s instead. To disable deprecation, use _CRT_SECURE_NO_WARNINGS. See online help for details.
                 C:\Program Files (x86)\Microsoft Visual Studio 12.0\VC\include\string.h(195) : see declaration of 'strncpy'
         cl_pred.c
         cl_scrn.c
     1>client\cl_scrn.c(202): warning C4996: 'strncpy': This function or variable may be unsafe. Consider using strncpy_s instead. To disable deprecation, use _CRT_SECURE_NO_WARNINGS. See online help for details.
                 C:\Program Files (x86)\Microsoft Visual Studio 12.0\VC\include\string.h(195) : see declaration of 'strncpy'
     1>client\cl_scrn.c(245): warning C4127: conditional expression is constant
     1>client\cl_scrn.c(294): warning C4127: conditional expression is constant
     1>client\cl_scrn.c(1080): warning C4996: 'sprintf': This function or variable may be unsafe. Consider using sprintf_s instead. To disable deprecation, use _CRT_SECURE_NO_WARNINGS. See online help for details.
                 C:\Program Files (x86)\Microsoft Visual Studio 12.0\VC\include\stdio.h(356) : see declaration of 'sprintf'
         cl_tent.c
     1>client\cl_tent.c(161): warning C4996: 'sprintf': This function or variable may be unsafe. Consider using sprintf_s instead. To disable deprecation, use _CRT_SECURE_NO_WARNINGS. See online help for details.
                 C:\Program Files (x86)\Microsoft Visual Studio 12.0\VC\include\stdio.h(356) : see declaration of 'sprintf'
         cl_view.c
     1>client\cl_view.c(263): warning C4996: 'strcpy': This function or variable may be unsafe. Consider using strcpy_s instead. To disable deprecation, use _CRT_SECURE_NO_WARNINGS. See online help for details.
     1>client\cl_view.c(281): warning C4996: 'strcpy': This function or variable may be unsafe. Consider using strcpy_s instead. To disable deprecation, use _CRT_SECURE_NO_WARNINGS. See online help for details.
     1>client\cl_view.c(285): warning C4996: 'strcpy': This function or variable may be unsafe. Consider using strcpy_s instead. To disable deprecation, use _CRT_SECURE_NO_WARNINGS. See online help for details.
     1>client\cl_view.c(297): warning C4996: 'strncpy': This function or variable may be unsafe. Consider using strncpy_s instead. To disable deprecation, use _CRT_SECURE_NO_WARNINGS. See online help for details.
                 C:\Program Files (x86)\Microsoft Visual Studio 12.0\VC\include\string.h(195) : see declaration of 'strncpy'
     1>client\cl_view.c(340): warning C4996: 'sscanf': This function or variable may be unsafe. Consider using sscanf_s instead. To disable deprecation, use _CRT_SECURE_NO_WARNINGS. See online help for details.
                 C:\Program Files (x86)\Microsoft Visual Studio 12.0\VC\include\stdio.h(304) : see declaration of 'sscanf'
     1>client\cl_view.c(444): warning C4210: nonstandard extension used : function given file scope
         console.c
     1>client\console.c(161): warning C4996: 'fopen': This function or variable may be unsafe. Consider using fopen_s instead. To disable deprecation, use _CRT_SECURE_NO_WARNINGS. See online help for details.
                 C:\Program Files (x86)\Microsoft Visual Studio 12.0\VC\include\stdio.h(211) : see declaration of 'fopen'
     1>client\console.c(184): warning C4996: 'strncpy': This function or variable may be unsafe. Consider using strncpy_s instead. To disable deprecation, use _CRT_SECURE_NO_WARNINGS. See online help for details.
                 C:\Program Files (x86)\Microsoft Visual Studio 12.0\VC\include\string.h(195) : see declaration of 'strncpy'
     1>client\console.c(437): warning C4996: 'strcpy': This function or variable may be unsafe. Consider using strcpy_s instead. To disable deprecation, use _CRT_SECURE_NO_WARNINGS. See online help for details.
     1>client\console.c(438): warning C4996: 'strcat': This function or variable may be unsafe. Consider using strcat_s instead. To disable deprecation, use _CRT_SECURE_NO_WARNINGS. See online help for details.
     1>client\console.c(647): warning C4996: 'strncpy': This function or variable may be unsafe. Consider using strncpy_s instead. To disable deprecation, use _CRT_SECURE_NO_WARNINGS. See online help for details.
                 C:\Program Files (x86)\Microsoft Visual Studio 12.0\VC\include\string.h(195) : see declaration of 'strncpy'
     1>client\console.c(649): warning C4996: 'strcat': This function or variable may be unsafe. Consider using strcat_s instead. To disable deprecation, use _CRT_SECURE_NO_WARNINGS. See online help for details.
     1>client\console.c(651): warning C4996: 'strcpy': This function or variable may be unsafe. Consider using strcpy_s instead. To disable deprecation, use _CRT_SECURE_NO_WARNINGS. See online help for details.
     1>client\console.c(652): warning C4996: 'strcat': This function or variable may be unsafe. Consider using strcat_s instead. To disable deprecation, use _CRT_SECURE_NO_WARNINGS. See online help for details.
     1>client\console.c(669): warning C4996: 'sprintf': This function or variable may be unsafe. Consider using sprintf_s instead. To disable deprecation, use _CRT_SECURE_NO_WARNINGS. See online help for details.
                 C:\Program Files (x86)\Microsoft Visual Studio 12.0\VC\include\stdio.h(356) : see declaration of 'sprintf'
         keys.c
     1>client\keys.c(178): warning C4996: 'strcpy': This function or variable may be unsafe. Consider using strcpy_s instead. To disable deprecation, use _CRT_SECURE_NO_WARNINGS. See online help for details.
     1>client\keys.c(243): warning C4013: 'toupper' undefined; assuming extern returning int
     1>client\keys.c(252): warning C4996: 'strtok': This function or variable may be unsafe. Consider using strtok_s instead. To disable deprecation, use _CRT_SECURE_NO_WARNINGS. See online help for details.
                 C:\Program Files (x86)\Microsoft Visual Studio 12.0\VC\include\string.h(204) : see declaration of 'strtok'
     1>client\keys.c(261): warning C4996: 'strcat': This function or variable may be unsafe. Consider using strcat_s instead. To disable deprecation, use _CRT_SECURE_NO_WARNINGS. See online help for details.
     1>client\keys.c(321): warning C4996: 'strcpy': This function or variable may be unsafe. Consider using strcpy_s instead. To disable deprecation, use _CRT_SECURE_NO_WARNINGS. See online help for details.
     1>client\keys.c(343): warning C4996: 'strcpy': This function or variable may be unsafe. Consider using strcpy_s instead. To disable deprecation, use _CRT_SECURE_NO_WARNINGS. See online help for details.
     1>client\keys.c(522): warning C4996: 'strcpy': This function or variable may be unsafe. Consider using strcpy_s instead. To disable deprecation, use _CRT_SECURE_NO_WARNINGS. See online help for details.
     1>client\keys.c(599): warning C4996: 'strcat': This function or variable may be unsafe. Consider using strcat_s instead. To disable deprecation, use _CRT_SECURE_NO_WARNINGS. See online help for details.
     1>client\keys.c(601): warning C4996: 'strcat': This function or variable may be unsafe. Consider using strcat_s instead. To disable deprecation, use _CRT_SECURE_NO_WARNINGS. See online help for details.
         menu.c
     1>client\menu.c(421): warning C4996: 'strcpy': This function or variable may be unsafe. Consider using strcpy_s instead. To disable deprecation, use _CRT_SECURE_NO_WARNINGS. See online help for details.
     1>client\menu.c(422): warning C4996: 'strcat': This function or variable may be unsafe. Consider using strcat_s instead. To disable deprecation, use _CRT_SECURE_NO_WARNINGS. See online help for details.
     1>client\menu.c(513): warning C4100: 'unused' : unreferenced formal parameter
     1>client\menu.c(518): warning C4100: 'unused' : unreferenced formal parameter
     1>client\menu.c(523): warning C4100: 'unused' : unreferenced formal parameter
     1>client\menu.c(1036): warning C4100: 'unused' : unreferenced formal parameter
     1>client\menu.c(1041): warning C4100: 'unused' : unreferenced formal parameter
     1>client\menu.c(1046): warning C4100: 'unused' : unreferenced formal parameter
     1>client\menu.c(1051): warning C4100: 'unused' : unreferenced formal parameter
     1>client\menu.c(1056): warning C4100: 'unused' : unreferenced formal parameter
     1>client\menu.c(1061): warning C4100: 'unused' : unreferenced formal parameter
     1>client\menu.c(1066): warning C4100: 'unused' : unreferenced formal parameter
     1>client\menu.c(1108): warning C4100: 'unused' : unreferenced formal parameter
     1>client\menu.c(1116): warning C4100: 'unused' : unreferenced formal parameter
     1>client\menu.c(1128): warning C4100: 'unused' : unreferenced formal parameter
     1>client\menu.c(1133): warning C4100: 'unused' : unreferenced formal parameter
     1>client\menu.c(1138): warning C4100: 'unused' : unreferenced formal parameter
     1>client\menu.c(1143): warning C4100: 'unused' : unreferenced formal parameter
     1>client\menu.c(1153): warning C4210: nonstandard extension used : function given file scope
     1>client\menu.c(1148): warning C4100: 'unused' : unreferenced formal parameter
     1>client\menu.c(1168): warning C4100: 'unused' : unreferenced formal parameter
     1>client\menu.c(1907): warning C4100: 'data' : unreferenced formal parameter
     1>client\menu.c(1913): warning C4100: 'data' : unreferenced formal parameter
     1>client\menu.c(1919): warning C4100: 'data' : unreferenced formal parameter
     1>client\menu.c(1925): warning C4100: 'unused' : unreferenced formal parameter
     1>client\menu.c(1930): warning C4100: 'unused' : unreferenced formal parameter
     1>client\menu.c(1935): warning C4100: 'unused' : unreferenced formal parameter
     1>client\menu.c(2055): warning C4996: 'fopen': This function or variable may be unsafe. Consider using fopen_s instead. To disable deprecation, use _CRT_SECURE_NO_WARNINGS. See online help for details.
                 C:\Program Files (x86)\Microsoft Visual Studio 12.0\VC\include\stdio.h(211) : see declaration of 'fopen'
     1>client\menu.c(2058): warning C4996: 'strcpy': This function or variable may be unsafe. Consider using strcpy_s instead. To disable deprecation, use _CRT_SECURE_NO_WARNINGS. See online help for details.
     1>client\menu.c(2245): warning C4996: 'strncpy': This function or variable may be unsafe. Consider using strncpy_s instead. To disable deprecation, use _CRT_SECURE_NO_WARNINGS. See online help for details.
                 C:\Program Files (x86)\Microsoft Visual Studio 12.0\VC\include\string.h(195) : see declaration of 'strncpy'
     1>client\menu.c(2268): warning C4100: 'self' : unreferenced formal parameter
     1>client\menu.c(2273): warning C4100: 'self' : unreferenced formal parameter
     1>client\menu.c(2283): warning C4996: 'strcpy': This function or variable may be unsafe. Consider using strcpy_s instead. To disable deprecation, use _CRT_SECURE_NO_WARNINGS. See online help for details.
     1>client\menu.c(2297): warning C4100: 'self' : unreferenced formal parameter
     1>client\menu.c(2332): warning C4996: 'strcpy': This function or variable may be unsafe. Consider using strcpy_s instead. To disable deprecation, use _CRT_SECURE_NO_WARNINGS. See online help for details.
     1>client\menu.c(2392): warning C4100: 'self' : unreferenced formal parameter
     1>client\menu.c(2411): warning C4996: 'strcpy': This function or variable may be unsafe. Consider using strcpy_s instead. To disable deprecation, use _CRT_SECURE_NO_WARNINGS. See online help for details.
     1>client\menu.c(2399): warning C4100: 'self' : unreferenced formal parameter
     1>client\menu.c(2444): warning C4996: 'strcpy': This function or variable may be unsafe. Consider using strcpy_s instead. To disable deprecation, use _CRT_SECURE_NO_WARNINGS. See online help for details.
     1>client\menu.c(2436): warning C4100: 'self' : unreferenced formal parameter
     1>client\menu.c(2538): warning C4996: 'fopen': This function or variable may be unsafe. Consider using fopen_s instead. To disable deprecation, use _CRT_SECURE_NO_WARNINGS. See online help for details.
                 C:\Program Files (x86)\Microsoft Visual Studio 12.0\VC\include\stdio.h(211) : see declaration of 'fopen'
     1>client\menu.c(2546): warning C4996: 'filelength': The POSIX name for this item is deprecated. Instead, use the ISO C++ conformant name: _filelength. See online help for details.
                 C:\Program Files (x86)\Microsoft Visual Studio 12.0\VC\include\io.h(331) : see declaration of 'filelength'
     1>client\menu.c(2546): warning C4996: 'fileno': The POSIX name for this item is deprecated. Instead, use the ISO C++ conformant name: _fileno. See online help for details.
                 C:\Program Files (x86)\Microsoft Visual Studio 12.0\VC\include\stdio.h(718) : see declaration of 'fileno'
     1>client\menu.c(2581): warning C4996: 'strcpy': This function or variable may be unsafe. Consider using strcpy_s instead. To disable deprecation, use _CRT_SECURE_NO_WARNINGS. See online help for details.
     1>client\menu.c(2585): warning C4996: 'strcpy': This function or variable may be unsafe. Consider using strcpy_s instead. To disable deprecation, use _CRT_SECURE_NO_WARNINGS. See online help for details.
     1>client\menu.c(2589): warning C4996: 'strcpy': This function or variable may be unsafe. Consider using strcpy_s instead. To disable deprecation, use _CRT_SECURE_NO_WARNINGS. See online help for details.
     1>client\menu.c(2641): warning C4996: 'strcpy': This function or variable may be unsafe. Consider using strcpy_s instead. To disable deprecation, use _CRT_SECURE_NO_WARNINGS. See online help for details.
     1>client\menu.c(2651): warning C4996: 'strcpy': This function or variable may be unsafe. Consider using strcpy_s instead. To disable deprecation, use _CRT_SECURE_NO_WARNINGS. See online help for details.
     1>client\menu.c(2668): warning C4996: 'strcpy': This function or variable may be unsafe. Consider using strcpy_s instead. To disable deprecation, use _CRT_SECURE_NO_WARNINGS. See online help for details.
     1>client\menu.c(2670): warning C4996: 'strcpy': This function or variable may be unsafe. Consider using strcpy_s instead. To disable deprecation, use _CRT_SECURE_NO_WARNINGS. See online help for details.
     1>client\menu.c(2680): warning C4996: 'strcpy': This function or variable may be unsafe. Consider using strcpy_s instead. To disable deprecation, use _CRT_SECURE_NO_WARNINGS. See online help for details.
     1>client\menu.c(3315): warning C4996: 'strcpy': This function or variable may be unsafe. Consider using strcpy_s instead. To disable deprecation, use _CRT_SECURE_NO_WARNINGS. See online help for details.
     1>client\menu.c(3387): warning C4100: 'self' : unreferenced formal parameter
     1>client\menu.c(3392): warning C4100: 'unused' : unreferenced formal parameter
     1>client\menu.c(3397): warning C4100: 'unused' : unreferenced formal parameter
     1>client\menu.c(3403): warning C4100: 'unused' : unreferenced formal parameter
     1>client\menu.c(3429): warning C4996: 'strcpy': This function or variable may be unsafe. Consider using strcpy_s instead. To disable deprecation, use _CRT_SECURE_NO_WARNINGS. See online help for details.
     1>client\menu.c(3431): warning C4996: 'strcat': This function or variable may be unsafe. Consider using strcat_s instead. To disable deprecation, use _CRT_SECURE_NO_WARNINGS. See online help for details.
     1>client\menu.c(3451): warning C4210: nonstandard extension used : function given file scope
     1>client\menu.c(3490): warning C4996: 'strcpy': This function or variable may be unsafe. Consider using strcpy_s instead. To disable deprecation, use _CRT_SECURE_NO_WARNINGS. See online help for details.
     1>client\menu.c(3491): warning C4996: 'strcat': This function or variable may be unsafe. Consider using strcat_s instead. To disable deprecation, use _CRT_SECURE_NO_WARNINGS. See online help for details.
     1>client\menu.c(3502): warning C4996: 'strcpy': This function or variable may be unsafe. Consider using strcpy_s instead. To disable deprecation, use _CRT_SECURE_NO_WARNINGS. See online help for details.
     1>client\menu.c(3503): warning C4996: 'strcat': This function or variable may be unsafe. Consider using strcat_s instead. To disable deprecation, use _CRT_SECURE_NO_WARNINGS. See online help for details.
     1>client\menu.c(3547): warning C4996: 'strcpy': This function or variable may be unsafe. Consider using strcpy_s instead. To disable deprecation, use _CRT_SECURE_NO_WARNINGS. See online help for details.
     1>client\menu.c(3552): warning C4996: 'strdup': The POSIX name for this item is deprecated. Instead, use the ISO C++ conformant name: _strdup. See online help for details.
                 C:\Program Files (x86)\Microsoft Visual Studio 12.0\VC\include\string.h(245) : see declaration of 'strdup'
     1>client\menu.c(3571): warning C4996: 'strncpy': This function or variable may be unsafe. Consider using strncpy_s instead. To disable deprecation, use _CRT_SECURE_NO_WARNINGS. See online help for details.
                 C:\Program Files (x86)\Microsoft Visual Studio 12.0\VC\include\string.h(195) : see declaration of 'strncpy'
     1>client\menu.c(3572): warning C4996: 'strcpy': This function or variable may be unsafe. Consider using strcpy_s instead. To disable deprecation, use _CRT_SECURE_NO_WARNINGS. See online help for details.
     1>client\menu.c(3628): warning C4996: 'strcpy': This function or variable may be unsafe. Consider using strcpy_s instead. To disable deprecation, use _CRT_SECURE_NO_WARNINGS. See online help for details.
     1>client\menu.c(3632): warning C4996: 'strcpy': This function or variable may be unsafe. Consider using strcpy_s instead. To disable deprecation, use _CRT_SECURE_NO_WARNINGS. See online help for details.
     1>client\menu.c(3637): warning C4996: 'strcpy': This function or variable may be unsafe. Consider using strcpy_s instead. To disable deprecation, use _CRT_SECURE_NO_WARNINGS. See online help for details.
     1>client\menu.c(3642): warning C4996: 'strcpy': This function or variable may be unsafe. Consider using strcpy_s instead. To disable deprecation, use _CRT_SECURE_NO_WARNINGS. See online help for details.
     1>client\menu.c(3643): warning C4996: 'strcpy': This function or variable may be unsafe. Consider using strcpy_s instead. To disable deprecation, use _CRT_SECURE_NO_WARNINGS. See online help for details.
     1>client\menu.c(3680): warning C4996: 'strcpy': This function or variable may be unsafe. Consider using strcpy_s instead. To disable deprecation, use _CRT_SECURE_NO_WARNINGS. See online help for details.
     1>client\menu.c(3769): warning C4210: nonstandard extension used : function given file scope
     1>client\menu.c(3786): warning C4189: 'maxframe' : local variable is initialized but not referenced
         qmenu.c
     1>client\qmenu.c(94): warning C4996: 'strncpy': This function or variable may be unsafe. Consider using strncpy_s instead. To disable deprecation, use _CRT_SECURE_NO_WARNINGS. See online help for details.
                 C:\Program Files (x86)\Microsoft Visual Studio 12.0\VC\include\string.h(195) : see declaration of 'strncpy'
     1>client\qmenu.c(204): warning C4996: 'strtok': This function or variable may be unsafe. Consider using strtok_s instead. To disable deprecation, use _CRT_SECURE_NO_WARNINGS. See online help for details.
                 C:\Program Files (x86)\Microsoft Visual Studio 12.0\VC\include\string.h(204) : see declaration of 'strtok'
     1>client\qmenu.c(206): warning C4996: 'strncpy': This function or variable may be unsafe. Consider using strncpy_s instead. To disable deprecation, use _CRT_SECURE_NO_WARNINGS. See online help for details.
                 C:\Program Files (x86)\Microsoft Visual Studio 12.0\VC\include\string.h(195) : see declaration of 'strncpy'
     1>client\qmenu.c(309): warning C4127: conditional expression is constant
     1>client\qmenu.c(322): warning C4127: conditional expression is constant
     1>client\qmenu.c(421): warning C4189: 'maxrow' : local variable is initialized but not referenced
     1>client\qmenu.c(667): warning C4996: 'strcpy': This function or variable may be unsafe. Consider using strcpy_s instead. To disable deprecation, use _CRT_SECURE_NO_WARNINGS. See online help for details.
     1>client\qmenu.c(670): warning C4996: 'strcpy': This function or variable may be unsafe. Consider using strcpy_s instead. To disable deprecation, use _CRT_SECURE_NO_WARNINGS. See online help for details.
         snd_dma.c
     1>client\snd_dma.c(243): warning C4996: 'strcpy': This function or variable may be unsafe. Consider using strcpy_s instead. To disable deprecation, use _CRT_SECURE_NO_WARNINGS. See online help for details.
     1>client\snd_dma.c(263): warning C4996: 'strcpy': This function or variable may be unsafe. Consider using strcpy_s instead. To disable deprecation, use _CRT_SECURE_NO_WARNINGS. See online help for details.
     1>client\snd_dma.c(279): warning C4996: 'strcpy': This function or variable may be unsafe. Consider using strcpy_s instead. To disable deprecation, use _CRT_SECURE_NO_WARNINGS. See online help for details.
     1>client\snd_dma.c(606): warning C4996: 'strcpy': This function or variable may be unsafe. Consider using strcpy_s instead. To disable deprecation, use _CRT_SECURE_NO_WARNINGS. See online help for details.
     1>client\snd_dma.c(614): warning C4996: 'strcpy': This function or variable may be unsafe. Consider using strcpy_s instead. To disable deprecation, use _CRT_SECURE_NO_WARNINGS. See online help for details.
     1>client\snd_dma.c(1170): warning C4996: 'strcpy': This function or variable may be unsafe. Consider using strcpy_s instead. To disable deprecation, use _CRT_SECURE_NO_WARNINGS. See online help for details.
     1>client\snd_dma.c(1171): warning C4996: 'strcat': This function or variable may be unsafe. Consider using strcat_s instead. To disable deprecation, use _CRT_SECURE_NO_WARNINGS. See online help for details.
     1>client\snd_dma.c(1174): warning C4996: 'strcpy': This function or variable may be unsafe. Consider using strcpy_s instead. To disable deprecation, use _CRT_SECURE_NO_WARNINGS. See online help for details.
         snd_mem.c
     1>client\snd_mem.c(125): warning C4996: 'strcpy': This function or variable may be unsafe. Consider using strcpy_s instead. To disable deprecation, use _CRT_SECURE_NO_WARNINGS. See online help for details.
     1>client\snd_mem.c(212): warning C4127: conditional expression is constant
     1>client\snd_mem.c(233): warning C4057: 'function' : 'const char *' differs in indirection to slightly different base types from 'byte *'
     1>client\snd_mem.c(283): warning C4057: 'function' : 'const char *' differs in indirection to slightly different base types from 'byte *'
     1>client\snd_mem.c(324): warning C4057: 'function' : 'const char *' differs in indirection to slightly different base types from 'byte *'
         snd_mix.c
     1>client\snd_mix.c(188): warning C4310: cast truncates constant value
     1>client\snd_mix.c(189): warning C4310: cast truncates constant value
     1>client\snd_mix.c(203): warning C4310: cast truncates constant value
     1>client\snd_mix.c(204): warning C4310: cast truncates constant value
     1>client\snd_mix.c(244): warning C4127: conditional expression is constant
     1>client\snd_mix.c(399): warning C4100: 'offset' : unreferenced formal parameter
     1>client\snd_mix.c(399): warning C4100: 'count' : unreferenced formal parameter
     1>client\snd_mix.c(399): warning C4100: 'sc' : unreferenced formal parameter
     1>client\snd_mix.c(399): warning C4100: 'ch' : unreferenced formal parameter
         x86.c
         Generating Code...
     1>c:\users\brian temple\quake2gamemod\client\menu.c(3580): warning C4715: 'PlayerConfig_ScanDirectories' : not all control paths return a value
     1>c:\users\brian temple\quake2gamemod\client\console.c(370): warning C4706: assignment within conditional expression
     1>c:\users\brian temple\quake2gamemod\client\cl_tent.c(1565): warning C4701: potentially uninitialized local variable 'framenum' used
     1>c:\users\brian temple\quake2gamemod\client\cl_input.c(479): warning C4700: uninitialized local variable 'buf' used
     1>c:\users\brian temple\quake2gamemod\client\cl_fx.c(2228): warning C4701: potentially uninitialized local variable 'time' used
     1>c:\users\brian temple\quake2gamemod\client\cl_ents.c(494): warning C4701: potentially uninitialized local variable 'oldstate' used
     1>c:\users\brian temple\quake2gamemod\client\cl_ents.c(494): warning C4703: potentially uninitialized local pointer variable 'oldstate' used
         Compiling...
         m_flash.c
         q_shared.c
     1>game\q_shared.c(266): warning C4100: 'f' : unreferenced formal parameter
     1>game\q_shared.c(418): warning C4100: 'p' : unreferenced formal parameter
     1>game\q_shared.c(418): warning C4100: 'emaxs' : unreferenced formal parameter
     1>game\q_shared.c(418): warning C4100: 'emins' : unreferenced formal parameter
     1>game\q_shared.c(876): warning C4996: 'strncpy': This function or variable may be unsafe. Consider using strncpy_s instead. To disable deprecation, use _CRT_SECURE_NO_WARNINGS. See online help for details.
                 C:\Program Files (x86)\Microsoft Visual Studio 12.0\VC\include\string.h(195) : see declaration of 'strncpy'
     1>game\q_shared.c(897): warning C4996: 'strncpy': This function or variable may be unsafe. Consider using strncpy_s instead. To disable deprecation, use _CRT_SECURE_NO_WARNINGS. See online help for details.
                 C:\Program Files (x86)\Microsoft Visual Studio 12.0\VC\include\string.h(195) : see declaration of 'strncpy'
     1>game\q_shared.c(923): warning C4996: 'strcat': This function or variable may be unsafe. Consider using strcat_s instead. To disable deprecation, use _CRT_SECURE_NO_WARNINGS. See online help for details.
     1>game\q_shared.c(1056): warning C4996: 'vsprintf': This function or variable may be unsafe. Consider using vsprintf_s instead. To disable deprecation, use _CRT_SECURE_NO_WARNINGS. See online help for details.
                 C:\Program Files (x86)\Microsoft Visual Studio 12.0\VC\include\stdio.h(356) : see declaration of 'vsprintf'
     1>game\q_shared.c(1112): warning C4127: conditional expression is constant
     1>game\q_shared.c(1230): warning C4996: 'vsprintf': This function or variable may be unsafe. Consider using vsprintf_s instead. To disable deprecation, use _CRT_SECURE_NO_WARNINGS. See online help for details.
                 C:\Program Files (x86)\Microsoft Visual Studio 12.0\VC\include\stdio.h(356) : see declaration of 'vsprintf'
     1>game\q_shared.c(1234): warning C4996: 'strncpy': This function or variable may be unsafe. Consider using strncpy_s instead. To disable deprecation, use _CRT_SECURE_NO_WARNINGS. See online help for details.
                 C:\Program Files (x86)\Microsoft Visual Studio 12.0\VC\include\string.h(195) : see declaration of 'strncpy'
     1>game\q_shared.c(1264): warning C4127: conditional expression is constant
     1>game\q_shared.c(1308): warning C4127: conditional expression is constant
     1>game\q_shared.c(1334): warning C4996: 'strcpy': This function or variable may be unsafe. Consider using strcpy_s instead. To disable deprecation, use _CRT_SECURE_NO_WARNINGS. See online help for details.
         cmd.c
     1>qcommon\cmd.c(161): warning C4057: 'function' : 'char *' differs in indirection to slightly different base types from 'byte [8192]'
     1>qcommon\cmd.c(318): warning C4996: 'strcat': This function or variable may be unsafe. Consider using strcat_s instead. To disable deprecation, use _CRT_SECURE_NO_WARNINGS. See online help for details.
     1>qcommon\cmd.c(320): warning C4996: 'strcat': This function or variable may be unsafe. Consider using strcat_s instead. To disable deprecation, use _CRT_SECURE_NO_WARNINGS. See online help for details.
     1>qcommon\cmd.c(339): warning C4996: 'strcat': This function or variable may be unsafe. Consider using strcat_s instead. To disable deprecation, use _CRT_SECURE_NO_WARNINGS. See online help for details.
     1>qcommon\cmd.c(340): warning C4996: 'strcat': This function or variable may be unsafe. Consider using strcat_s instead. To disable deprecation, use _CRT_SECURE_NO_WARNINGS. See online help for details.
     1>qcommon\cmd.c(463): warning C4996: 'strcpy': This function or variable may be unsafe. Consider using strcpy_s instead. To disable deprecation, use _CRT_SECURE_NO_WARNINGS. See online help for details.
     1>qcommon\cmd.c(470): warning C4996: 'strcat': This function or variable may be unsafe. Consider using strcat_s instead. To disable deprecation, use _CRT_SECURE_NO_WARNINGS. See online help for details.
     1>qcommon\cmd.c(472): warning C4996: 'strcat': This function or variable may be unsafe. Consider using strcat_s instead. To disable deprecation, use _CRT_SECURE_NO_WARNINGS. See online help for details.
     1>qcommon\cmd.c(474): warning C4996: 'strcat': This function or variable may be unsafe. Consider using strcat_s instead. To disable deprecation, use _CRT_SECURE_NO_WARNINGS. See online help for details.
     1>qcommon\cmd.c(587): warning C4996: 'strncpy': This function or variable may be unsafe. Consider using strncpy_s instead. To disable deprecation, use _CRT_SECURE_NO_WARNINGS. See online help for details.
                 C:\Program Files (x86)\Microsoft Visual Studio 12.0\VC\include\string.h(195) : see declaration of 'strncpy'
     1>qcommon\cmd.c(588): warning C4996: 'strcpy': This function or variable may be unsafe. Consider using strcpy_s instead. To disable deprecation, use _CRT_SECURE_NO_WARNINGS. See online help for details.
     1>qcommon\cmd.c(589): warning C4996: 'strcpy': This function or variable may be unsafe. Consider using strcpy_s instead. To disable deprecation, use _CRT_SECURE_NO_WARNINGS. See online help for details.
     1>qcommon\cmd.c(591): warning C4996: 'strcpy': This function or variable may be unsafe. Consider using strcpy_s instead. To disable deprecation, use _CRT_SECURE_NO_WARNINGS. See online help for details.
     1>qcommon\cmd.c(638): warning C4127: conditional expression is constant
     1>qcommon\cmd.c(660): warning C4996: 'strcpy': This function or variable may be unsafe. Consider using strcpy_s instead. To disable deprecation, use _CRT_SECURE_NO_WARNINGS. See online help for details.
     1>qcommon\cmd.c(678): warning C4996: 'strcpy': This function or variable may be unsafe. Consider using strcpy_s instead. To disable deprecation, use _CRT_SECURE_NO_WARNINGS. See online help for details.
     1>qcommon\cmd.c(729): warning C4127: conditional expression is constant
         cmodel.c
     1>qcommon\cmodel.c(195): warning C4996: 'strncpy': This function or variable may be unsafe. Consider using strncpy_s instead. To disable deprecation, use _CRT_SECURE_NO_WARNINGS. See online help for details.
                 C:\Program Files (x86)\Microsoft Visual Studio 12.0\VC\include\string.h(195) : see declaration of 'strncpy'
     1>qcommon\cmodel.c(196): warning C4996: 'strncpy': This function or variable may be unsafe. Consider using strncpy_s instead. To disable deprecation, use _CRT_SECURE_NO_WARNINGS. See online help for details.
                 C:\Program Files (x86)\Microsoft Visual Studio 12.0\VC\include\string.h(195) : see declaration of 'strncpy'
     1>qcommon\cmodel.c(629): warning C4996: 'strcpy': This function or variable may be unsafe. Consider using strcpy_s instead. To disable deprecation, use _CRT_SECURE_NO_WARNINGS. See online help for details.
     1>qcommon\cmodel.c(853): warning C4127: conditional expression is constant
         common.c
     1>qcommon\common.c(78): warning C4152: nonstandard extension, function/data pointer conversion in expression
     1>qcommon\common.c(107): warning C4996: 'vsprintf': This function or variable may be unsafe. Consider using vsprintf_s instead. To disable deprecation, use _CRT_SECURE_NO_WARNINGS. See online help for details.
                 C:\Program Files (x86)\Microsoft Visual Studio 12.0\VC\include\stdio.h(356) : see declaration of 'vsprintf'
     1>qcommon\common.c(117): warning C4996: 'strcat': This function or variable may be unsafe. Consider using strcat_s instead. To disable deprecation, use _CRT_SECURE_NO_WARNINGS. See online help for details.
     1>qcommon\common.c(134): warning C4996: 'fopen': This function or variable may be unsafe. Consider using fopen_s instead. To disable deprecation, use _CRT_SECURE_NO_WARNINGS. See online help for details.
                 C:\Program Files (x86)\Microsoft Visual Studio 12.0\VC\include\stdio.h(211) : see declaration of 'fopen'
     1>qcommon\common.c(160): warning C4996: 'vsprintf': This function or variable may be unsafe. Consider using vsprintf_s instead. To disable deprecation, use _CRT_SECURE_NO_WARNINGS. See online help for details.
                 C:\Program Files (x86)\Microsoft Visual Studio 12.0\VC\include\stdio.h(356) : see declaration of 'vsprintf'
     1>qcommon\common.c(186): warning C4996: 'vsprintf': This function or variable may be unsafe. Consider using vsprintf_s instead. To disable deprecation, use _CRT_SECURE_NO_WARNINGS. See online help for details.
                 C:\Program Files (x86)\Microsoft Visual Studio 12.0\VC\include\stdio.h(356) : see declaration of 'vsprintf'
     1>qcommon\common.c(1034): warning C4996: 'strcpy': This function or variable may be unsafe. Consider using strcpy_s instead. To disable deprecation, use _CRT_SECURE_NO_WARNINGS. See online help for details.
     1>qcommon\common.c(1211): warning C4100: 'challenge' : unreferenced formal parameter
     1>qcommon\common.c(1211): warning C4100: 'sequence' : unreferenced formal parameter
     1>qcommon\common.c(1211): warning C4100: 'length' : unreferenced formal parameter
     1>qcommon\common.c(1211): warning C4100: 'base' : unreferenced formal parameter
     1>qcommon\common.c(1509): warning C4996: 'fopen': This function or variable may be unsafe. Consider using fopen_s instead. To disable deprecation, use _CRT_SECURE_NO_WARNINGS. See online help for details.
                 C:\Program Files (x86)\Microsoft Visual Studio 12.0\VC\include\stdio.h(211) : see declaration of 'fopen'
         crc.c
         cvar.c
     1>qcommon\cvar.c(435): warning C4996: 'fopen': This function or variable may be unsafe. Consider using fopen_s instead. To disable deprecation, use _CRT_SECURE_NO_WARNINGS. See online help for details.
                 C:\Program Files (x86)\Microsoft Visual Studio 12.0\VC\include\stdio.h(211) : see declaration of 'fopen'
         files.c
     1>qcommon\files.c(222): warning C4996: 'fopen': This function or variable may be unsafe. Consider using fopen_s instead. To disable deprecation, use _CRT_SECURE_NO_WARNINGS. See online help for details.
                 C:\Program Files (x86)\Microsoft Visual Studio 12.0\VC\include\stdio.h(211) : see declaration of 'fopen'
     1>qcommon\files.c(248): warning C4996: 'fopen': This function or variable may be unsafe. Consider using fopen_s instead. To disable deprecation, use _CRT_SECURE_NO_WARNINGS. See online help for details.
                 C:\Program Files (x86)\Microsoft Visual Studio 12.0\VC\include\stdio.h(211) : see declaration of 'fopen'
     1>qcommon\files.c(261): warning C4996: 'fopen': This function or variable may be unsafe. Consider using fopen_s instead. To disable deprecation, use _CRT_SECURE_NO_WARNINGS. See online help for details.
                 C:\Program Files (x86)\Microsoft Visual Studio 12.0\VC\include\stdio.h(211) : see declaration of 'fopen'
     1>qcommon\files.c(459): warning C4996: 'fopen': This function or variable may be unsafe. Consider using fopen_s instead. To disable deprecation, use _CRT_SECURE_NO_WARNINGS. See online help for details.
                 C:\Program Files (x86)\Microsoft Visual Studio 12.0\VC\include\stdio.h(211) : see declaration of 'fopen'
     1>qcommon\files.c(489): warning C4996: 'strcpy': This function or variable may be unsafe. Consider using strcpy_s instead. To disable deprecation, use _CRT_SECURE_NO_WARNINGS. See online help for details.
     1>qcommon\files.c(495): warning C4996: 'strcpy': This function or variable may be unsafe. Consider using strcpy_s instead. To disable deprecation, use _CRT_SECURE_NO_WARNINGS. See online help for details.
     1>qcommon\files.c(520): warning C4996: 'strcpy': This function or variable may be unsafe. Consider using strcpy_s instead. To disable deprecation, use _CRT_SECURE_NO_WARNINGS. See online help for details.
     1>qcommon\files.c(526): warning C4996: 'strcpy': This function or variable may be unsafe. Consider using strcpy_s instead. To disable deprecation, use _CRT_SECURE_NO_WARNINGS. See online help for details.
     1>qcommon\files.c(717): warning C4996: 'strdup': The POSIX name for this item is deprecated. Instead, use the ISO C++ conformant name: _strdup. See online help for details.
                 C:\Program Files (x86)\Microsoft Visual Studio 12.0\VC\include\string.h(245) : see declaration of 'strdup'
     1>qcommon\files.c(719): warning C4996: 'strlwr': The POSIX name for this item is deprecated. Instead, use the ISO C++ conformant name: _strlwr. See online help for details.
                 C:\Program Files (x86)\Microsoft Visual Studio 12.0\VC\include\string.h(254) : see declaration of 'strlwr'
     1>qcommon\files.c(743): warning C4996: 'strcpy': This function or variable may be unsafe. Consider using strcpy_s instead. To disable deprecation, use _CRT_SECURE_NO_WARNINGS. See online help for details.
         net_chan.c
     1>qcommon\net_chan.c(138): warning C4996: 'vsprintf': This function or variable may be unsafe. Consider using vsprintf_s instead. To disable deprecation, use _CRT_SECURE_NO_WARNINGS. See online help for details.
                 C:\Program Files (x86)\Microsoft Visual Studio 12.0\VC\include\stdio.h(356) : see declaration of 'vsprintf'
     1>qcommon\net_chan.c(366): warning C4389: '==' : signed/unsigned mismatch
         pmove.c
         sv_ccmds.c
     1>server\sv_ccmds.c(200): warning C4996: 'fopen': This function or variable may be unsafe. Consider using fopen_s instead. To disable deprecation, use _CRT_SECURE_NO_WARNINGS. See online help for details.
                 C:\Program Files (x86)\Microsoft Visual Studio 12.0\VC\include\stdio.h(211) : see declaration of 'fopen'
     1>server\sv_ccmds.c(203): warning C4996: 'fopen': This function or variable may be unsafe. Consider using fopen_s instead. To disable deprecation, use _CRT_SECURE_NO_WARNINGS. See online help for details.
                 C:\Program Files (x86)\Microsoft Visual Studio 12.0\VC\include\stdio.h(211) : see declaration of 'fopen'
     1>server\sv_ccmds.c(210): warning C4127: conditional expression is constant
     1>server\sv_ccmds.c(254): warning C4996: 'strcpy': This function or variable may be unsafe. Consider using strcpy_s instead. To disable deprecation, use _CRT_SECURE_NO_WARNINGS. See online help for details.
     1>server\sv_ccmds.c(261): warning C4996: 'strcpy': This function or variable may be unsafe. Consider using strcpy_s instead. To disable deprecation, use _CRT_SECURE_NO_WARNINGS. See online help for details.
     1>server\sv_ccmds.c(263): warning C4996: 'strcpy': This function or variable may be unsafe. Consider using strcpy_s instead. To disable deprecation, use _CRT_SECURE_NO_WARNINGS. See online help for details.
     1>server\sv_ccmds.c(286): warning C4996: 'fopen': This function or variable may be unsafe. Consider using fopen_s instead. To disable deprecation, use _CRT_SECURE_NO_WARNINGS. See online help for details.
                 C:\Program Files (x86)\Microsoft Visual Studio 12.0\VC\include\stdio.h(211) : see declaration of 'fopen'
     1>server\sv_ccmds.c(314): warning C4996: 'fopen': This function or variable may be unsafe. Consider using fopen_s instead. To disable deprecation, use _CRT_SECURE_NO_WARNINGS. See online help for details.
                 C:\Program Files (x86)\Microsoft Visual Studio 12.0\VC\include\stdio.h(211) : see declaration of 'fopen'
     1>server\sv_ccmds.c(346): warning C4996: 'fopen': This function or variable may be unsafe. Consider using fopen_s instead. To disable deprecation, use _CRT_SECURE_NO_WARNINGS. See online help for details.
                 C:\Program Files (x86)\Microsoft Visual Studio 12.0\VC\include\stdio.h(211) : see declaration of 'fopen'
     1>server\sv_ccmds.c(358): warning C4996: 'localtime': This function or variable may be unsafe. Consider using localtime_s instead. To disable deprecation, use _CRT_SECURE_NO_WARNINGS. See online help for details.
                 C:\Program Files (x86)\Microsoft Visual Studio 12.0\VC\include\time.inl(112) : see declaration of 'localtime'
     1>server\sv_ccmds.c(362): warning C4996: 'strncat': This function or variable may be unsafe. Consider using strncat_s instead. To disable deprecation, use _CRT_SECURE_NO_WARNINGS. See online help for details.
                 C:\Program Files (x86)\Microsoft Visual Studio 12.0\VC\include\string.h(186) : see declaration of 'strncat'
     1>server\sv_ccmds.c(388): warning C4996: 'strcpy': This function or variable may be unsafe. Consider using strcpy_s instead. To disable deprecation, use _CRT_SECURE_NO_WARNINGS. See online help for details.
     1>server\sv_ccmds.c(389): warning C4996: 'strcpy': This function or variable may be unsafe. Consider using strcpy_s instead. To disable deprecation, use _CRT_SECURE_NO_WARNINGS. See online help for details.
     1>server\sv_ccmds.c(417): warning C4996: 'fopen': This function or variable may be unsafe. Consider using fopen_s instead. To disable deprecation, use _CRT_SECURE_NO_WARNINGS. See online help for details.
                 C:\Program Files (x86)\Microsoft Visual Studio 12.0\VC\include\stdio.h(211) : see declaration of 'fopen'
     1>server\sv_ccmds.c(431): warning C4127: conditional expression is constant
     1>server\sv_ccmds.c(445): warning C4996: 'strcpy': This function or variable may be unsafe. Consider using strcpy_s instead. To disable deprecation, use _CRT_SECURE_NO_WARNINGS. See online help for details.
     1>server\sv_ccmds.c(539): warning C4996: 'strncpy': This function or variable may be unsafe. Consider using strncpy_s instead. To disable deprecation, use _CRT_SECURE_NO_WARNINGS. See online help for details.
                 C:\Program Files (x86)\Microsoft Visual Studio 12.0\VC\include\string.h(195) : see declaration of 'strncpy'
     1>server\sv_ccmds.c(616): warning C4996: 'fopen': This function or variable may be unsafe. Consider using fopen_s instead. To disable deprecation, use _CRT_SECURE_NO_WARNINGS. See online help for details.
                 C:\Program Files (x86)\Microsoft Visual Studio 12.0\VC\include\stdio.h(211) : see declaration of 'fopen'
     1>server\sv_ccmds.c(804): warning C4996: 'strcpy': This function or variable may be unsafe. Consider using strcpy_s instead. To disable deprecation, use _CRT_SECURE_NO_WARNINGS. See online help for details.
     1>server\sv_ccmds.c(813): warning C4996: 'strcat': This function or variable may be unsafe. Consider using strcat_s instead. To disable deprecation, use _CRT_SECURE_NO_WARNINGS. See online help for details.
     1>server\sv_ccmds.c(915): warning C4996: 'fopen': This function or variable may be unsafe. Consider using fopen_s instead. To disable deprecation, use _CRT_SECURE_NO_WARNINGS. See online help for details.
                 C:\Program Files (x86)\Microsoft Visual Studio 12.0\VC\include\stdio.h(211) : see declaration of 'fopen'
     1>server\sv_ccmds.c(928): warning C4057: 'function' : 'byte *' differs in indirection to slightly different base types from 'char [32768]'
         sv_ents.c
         sv_game.c
     1>server\sv_game.c(70): warning C4996: 'vsprintf': This function or variable may be unsafe. Consider using vsprintf_s instead. To disable deprecation, use _CRT_SECURE_NO_WARNINGS. See online help for details.
                 C:\Program Files (x86)\Microsoft Visual Studio 12.0\VC\include\stdio.h(356) : see declaration of 'vsprintf'
     1>server\sv_game.c(98): warning C4996: 'vsprintf': This function or variable may be unsafe. Consider using vsprintf_s instead. To disable deprecation, use _CRT_SECURE_NO_WARNINGS. See online help for details.
                 C:\Program Files (x86)\Microsoft Visual Studio 12.0\VC\include\stdio.h(356) : see declaration of 'vsprintf'
     1>server\sv_game.c(126): warning C4996: 'vsprintf': This function or variable may be unsafe. Consider using vsprintf_s instead. To disable deprecation, use _CRT_SECURE_NO_WARNINGS. See online help for details.
                 C:\Program Files (x86)\Microsoft Visual Studio 12.0\VC\include\stdio.h(356) : see declaration of 'vsprintf'
     1>server\sv_game.c(148): warning C4996: 'vsprintf': This function or variable may be unsafe. Consider using vsprintf_s instead. To disable deprecation, use _CRT_SECURE_NO_WARNINGS. See online help for details.
                 C:\Program Files (x86)\Microsoft Visual Studio 12.0\VC\include\stdio.h(356) : see declaration of 'vsprintf'
     1>server\sv_game.c(201): warning C4996: 'strcpy': This function or variable may be unsafe. Consider using strcpy_s instead. To disable deprecation, use _CRT_SECURE_NO_WARNINGS. See online help for details.
         sv_init.c
     1>server\sv_init.c(49): warning C4996: 'strncpy': This function or variable may be unsafe. Consider using strncpy_s instead. To disable deprecation, use _CRT_SECURE_NO_WARNINGS. See online help for details.
                 C:\Program Files (x86)\Microsoft Visual Studio 12.0\VC\include\string.h(195) : see declaration of 'strncpy'
     1>server\sv_init.c(130): warning C4996: 'fopen': This function or variable may be unsafe. Consider using fopen_s instead. To disable deprecation, use _CRT_SECURE_NO_WARNINGS. See online help for details.
                 C:\Program Files (x86)\Microsoft Visual Studio 12.0\VC\include\stdio.h(211) : see declaration of 'fopen'
     1>server\sv_init.c(195): warning C4996: 'strcpy': This function or variable may be unsafe. Consider using strcpy_s instead. To disable deprecation, use _CRT_SECURE_NO_WARNINGS. See online help for details.
     1>server\sv_init.c(198): warning C4996: 'sprintf': This function or variable may be unsafe. Consider using sprintf_s instead. To disable deprecation, use _CRT_SECURE_NO_WARNINGS. See online help for details.
                 C:\Program Files (x86)\Microsoft Visual Studio 12.0\VC\include\stdio.h(356) : see declaration of 'sprintf'
     1>server\sv_init.c(203): warning C4996: 'strcpy': This function or variable may be unsafe. Consider using strcpy_s instead. To disable deprecation, use _CRT_SECURE_NO_WARNINGS. See online help for details.
     1>server\sv_init.c(209): warning C4996: 'strcpy': This function or variable may be unsafe. Consider using strcpy_s instead. To disable deprecation, use _CRT_SECURE_NO_WARNINGS. See online help for details.
     1>server\sv_init.c(222): warning C4996: 'strcpy': This function or variable may be unsafe. Consider using strcpy_s instead. To disable deprecation, use _CRT_SECURE_NO_WARNINGS. See online help for details.
     1>server\sv_init.c(223): warning C4996: 'strcpy': This function or variable may be unsafe. Consider using strcpy_s instead. To disable deprecation, use _CRT_SECURE_NO_WARNINGS. See online help for details.
     1>server\sv_init.c(406): warning C4996: 'strcpy': This function or variable may be unsafe. Consider using strcpy_s instead. To disable deprecation, use _CRT_SECURE_NO_WARNINGS. See online help for details.
     1>server\sv_init.c(427): warning C4996: 'strcpy': This function or variable may be unsafe. Consider using strcpy_s instead. To disable deprecation, use _CRT_SECURE_NO_WARNINGS. See online help for details.
     1>server\sv_init.c(434): warning C4996: 'strcpy': This function or variable may be unsafe. Consider using strcpy_s instead. To disable deprecation, use _CRT_SECURE_NO_WARNINGS. See online help for details.
         sv_main.c
     1>server\sv_main.c(118): warning C4996: 'strcpy': This function or variable may be unsafe. Consider using strcpy_s instead. To disable deprecation, use _CRT_SECURE_NO_WARNINGS. See online help for details.
     1>server\sv_main.c(119): warning C4996: 'strcat': This function or variable may be unsafe. Consider using strcat_s instead. To disable deprecation, use _CRT_SECURE_NO_WARNINGS. See online help for details.
     1>server\sv_main.c(132): warning C4996: 'strcpy': This function or variable may be unsafe. Consider using strcpy_s instead. To disable deprecation, use _CRT_SECURE_NO_WARNINGS. See online help for details.
     1>server\sv_main.c(296): warning C4996: 'strncpy': This function or variable may be unsafe. Consider using strncpy_s instead. To disable deprecation, use _CRT_SECURE_NO_WARNINGS. See online help for details.
                 C:\Program Files (x86)\Microsoft Visual Studio 12.0\VC\include\string.h(195) : see declaration of 'strncpy'
     1>server\sv_main.c(397): warning C4996: 'strncpy': This function or variable may be unsafe. Consider using strncpy_s instead. To disable deprecation, use _CRT_SECURE_NO_WARNINGS. See online help for details.
                 C:\Program Files (x86)\Microsoft Visual Studio 12.0\VC\include\string.h(195) : see declaration of 'strncpy'
     1>server\sv_main.c(445): warning C4152: nonstandard extension, function/data pointer conversion in expression
     1>server\sv_main.c(457): warning C4996: 'strcat': This function or variable may be unsafe. Consider using strcat_s instead. To disable deprecation, use _CRT_SECURE_NO_WARNINGS. See online help for details.
     1>server\sv_main.c(458): warning C4996: 'strcat': This function or variable may be unsafe. Consider using strcat_s instead. To disable deprecation, use _CRT_SECURE_NO_WARNINGS. See online help for details.
     1>server\sv_main.c(907): warning C4996: 'strncpy': This function or variable may be unsafe. Consider using strncpy_s instead. To disable deprecation, use _CRT_SECURE_NO_WARNINGS. See online help for details.
                 C:\Program Files (x86)\Microsoft Visual Studio 12.0\VC\include\string.h(195) : see declaration of 'strncpy'
         sv_send.c
     1>server\sv_send.c(74): warning C4996: 'vsprintf': This function or variable may be unsafe. Consider using vsprintf_s instead. To disable deprecation, use _CRT_SECURE_NO_WARNINGS. See online help for details.
                 C:\Program Files (x86)\Microsoft Visual Studio 12.0\VC\include\stdio.h(356) : see declaration of 'vsprintf'
     1>server\sv_send.c(97): warning C4996: 'vsprintf': This function or variable may be unsafe. Consider using vsprintf_s instead. To disable deprecation, use _CRT_SECURE_NO_WARNINGS. See online help for details.
                 C:\Program Files (x86)\Microsoft Visual Studio 12.0\VC\include\stdio.h(356) : see declaration of 'vsprintf'
     1>server\sv_send.c(140): warning C4996: 'vsprintf': This function or variable may be unsafe. Consider using vsprintf_s instead. To disable deprecation, use _CRT_SECURE_NO_WARNINGS. See online help for details.
                 C:\Program Files (x86)\Microsoft Visual Studio 12.0\VC\include\stdio.h(356) : see declaration of 'vsprintf'
         sv_user.c
     1>server\sv_user.c(554): warning C4127: conditional expression is constant
     1>server\sv_user.c(578): warning C4996: 'strncpy': This function or variable may be unsafe. Consider using strncpy_s instead. To disable deprecation, use _CRT_SECURE_NO_WARNINGS. See online help for details.
                 C:\Program Files (x86)\Microsoft Visual Studio 12.0\VC\include\string.h(195) : see declaration of 'strncpy'
         sv_world.c
     1>server\sv_world.c(327): warning C4127: conditional expression is constant
         cd_win.c
     1>win32\cd_win.c(377): warning C4389: '!=' : signed/unsigned mismatch
     1>win32\cd_win.c(375): warning C4100: 'uMsg' : unreferenced formal parameter
     1>win32\cd_win.c(375): warning C4100: 'hWnd' : unreferenced formal parameter
         in_win.c
         Generating Code...
     1>c:\users\brian temple\quake2gamemod\win32\in_win.c(520): warning C4701: potentially uninitialized local variable 'mmr' used
     1>c:\users\brian temple\quake2gamemod\win32\in_win.c(574): warning C4715: 'RawValuePointer' : not all control paths return a value
     1>c:\users\brian temple\quake2gamemod\win32\cd_win.c(53): warning C4706: assignment within conditional expression
     1>c:\users\brian temple\quake2gamemod\win32\cd_win.c(62): warning C4706: assignment within conditional expression
     1>c:\users\brian temple\quake2gamemod\win32\cd_win.c(202): warning C4706: assignment within conditional expression
     1>c:\users\brian temple\quake2gamemod\win32\cd_win.c(222): warning C4706: assignment within conditional expression
     1>c:\users\brian temple\quake2gamemod\win32\cd_win.c(449): warning C4706: assignment within conditional expression
     1>c:\users\brian temple\quake2gamemod\win32\cd_win.c(458): warning C4706: assignment within conditional expression
     1>c:\users\brian temple\quake2gamemod\server\sv_game.c(102): warning C4701: potentially uninitialized local variable 'n' used
     1>c:\users\brian temple\quake2gamemod\server\sv_ents.c(171): warning C4701: potentially uninitialized local variable 'newent' used
     1>c:\users\brian temple\quake2gamemod\server\sv_ents.c(171): warning C4703: potentially uninitialized local pointer variable 'newent' used
     1>c:\users\brian temple\quake2gamemod\server\sv_ents.c(171): warning C4701: potentially uninitialized local variable 'oldent' used
     1>c:\users\brian temple\quake2gamemod\server\sv_ents.c(171): warning C4703: potentially uninitialized local pointer variable 'oldent' used
         Compiling...
         net_wins.c
     1>win32\net_wins.c(201): warning C4996: 'sscanf': This function or variable may be unsafe. Consider using sscanf_s instead. To disable deprecation, use _CRT_SECURE_NO_WARNINGS. See online help for details.
                 C:\Program Files (x86)\Microsoft Visual Studio 12.0\VC\include\stdio.h(304) : see declaration of 'sscanf'
     1>win32\net_wins.c(202): warning C4996: 'sscanf': This function or variable may be unsafe. Consider using sscanf_s instead. To disable deprecation, use _CRT_SECURE_NO_WARNINGS. See online help for details.
                 C:\Program Files (x86)\Microsoft Visual Studio 12.0\VC\include\stdio.h(304) : see declaration of 'sscanf'
     1>win32\net_wins.c(203): warning C4996: 'sscanf': This function or variable may be unsafe. Consider using sscanf_s instead. To disable deprecation, use _CRT_SECURE_NO_WARNINGS. See online help for details.
                 C:\Program Files (x86)\Microsoft Visual Studio 12.0\VC\include\stdio.h(304) : see declaration of 'sscanf'
     1>win32\net_wins.c(204): warning C4996: 'sscanf': This function or variable may be unsafe. Consider using sscanf_s instead. To disable deprecation, use _CRT_SECURE_NO_WARNINGS. See online help for details.
                 C:\Program Files (x86)\Microsoft Visual Studio 12.0\VC\include\stdio.h(304) : see declaration of 'sscanf'
     1>win32\net_wins.c(205): warning C4996: 'sscanf': This function or variable may be unsafe. Consider using sscanf_s instead. To disable deprecation, use _CRT_SECURE_NO_WARNINGS. See online help for details.
                 C:\Program Files (x86)\Microsoft Visual Studio 12.0\VC\include\stdio.h(304) : see declaration of 'sscanf'
     1>win32\net_wins.c(206): warning C4996: 'sscanf': This function or variable may be unsafe. Consider using sscanf_s instead. To disable deprecation, use _CRT_SECURE_NO_WARNINGS. See online help for details.
                 C:\Program Files (x86)\Microsoft Visual Studio 12.0\VC\include\stdio.h(304) : see declaration of 'sscanf'
     1>win32\net_wins.c(207): warning C4996: 'sscanf': This function or variable may be unsafe. Consider using sscanf_s instead. To disable deprecation, use _CRT_SECURE_NO_WARNINGS. See online help for details.
                 C:\Program Files (x86)\Microsoft Visual Studio 12.0\VC\include\stdio.h(304) : see declaration of 'sscanf'
     1>win32\net_wins.c(208): warning C4996: 'sscanf': This function or variable may be unsafe. Consider using sscanf_s instead. To disable deprecation, use _CRT_SECURE_NO_WARNINGS. See online help for details.
                 C:\Program Files (x86)\Microsoft Visual Studio 12.0\VC\include\stdio.h(304) : see declaration of 'sscanf'
     1>win32\net_wins.c(209): warning C4996: 'sscanf': This function or variable may be unsafe. Consider using sscanf_s instead. To disable deprecation, use _CRT_SECURE_NO_WARNINGS. See online help for details.
                 C:\Program Files (x86)\Microsoft Visual Studio 12.0\VC\include\stdio.h(304) : see declaration of 'sscanf'
     1>win32\net_wins.c(210): warning C4996: 'sscanf': This function or variable may be unsafe. Consider using sscanf_s instead. To disable deprecation, use _CRT_SECURE_NO_WARNINGS. See online help for details.
                 C:\Program Files (x86)\Microsoft Visual Studio 12.0\VC\include\stdio.h(304) : see declaration of 'sscanf'
     1>win32\net_wins.c(211): warning C4996: 'sscanf': This function or variable may be unsafe. Consider using sscanf_s instead. To disable deprecation, use _CRT_SECURE_NO_WARNINGS. See online help for details.
                 C:\Program Files (x86)\Microsoft Visual Studio 12.0\VC\include\stdio.h(304) : see declaration of 'sscanf'
     1>win32\net_wins.c(220): warning C4996: 'strcpy': This function or variable may be unsafe. Consider using strcpy_s instead. To disable deprecation, use _CRT_SECURE_NO_WARNINGS. See online help for details.
     1>win32\net_wins.c(315): warning C4100: 'to' : unreferenced formal parameter
     1>win32\net_wins.c(354): warning C4057: 'function' : 'char *' differs in indirection to slightly different base types from 'byte *'
     1>win32\net_wins.c(484): warning C4133: 'function' : incompatible types - from 'qboolean *' to 'u_long *'
     1>win32\net_wins.c(497): warning C4996: 'stricmp': The POSIX name for this item is deprecated. Instead, use the ISO C++ conformant name: _stricmp. See online help for details.
                 C:\Program Files (x86)\Microsoft Visual Studio 12.0\VC\include\string.h(253) : see declaration of 'stricmp'
     1>win32\net_wins.c(593): warning C4057: 'function' : 'u_long *' differs in indirection to slightly different base types from 'int *'
     1>win32\net_wins.c(727): warning C4127: conditional expression is constant
     1>win32\net_wins.c(731): warning C4127: conditional expression is constant
         q_shwin.c
         snd_win.c
     1>win32\snd_win.c(382): warning C4054: 'type cast' : from function pointer 'FARPROC' to data pointer 'void *'
     1>win32\snd_win.c(382): warning C4152: nonstandard extension, function/data pointer conversion in expression
     1>win32\snd_win.c(779): warning C4127: conditional expression is constant
         sys_win.c
     1>win32\sys_win.c(76): warning C4996: 'vsprintf': This function or variable may be unsafe. Consider using vsprintf_s instead. To disable deprecation, use _CRT_SECURE_NO_WARNINGS. See online help for details.
                 C:\Program Files (x86)\Microsoft Visual Studio 12.0\VC\include\stdio.h(356) : see declaration of 'vsprintf'
     1>win32\sys_win.c(163): warning C4996: 'sprintf': This function or variable may be unsafe. Consider using sprintf_s instead. To disable deprecation, use _CRT_SECURE_NO_WARNINGS. See online help for details.
                 C:\Program Files (x86)\Microsoft Visual Studio 12.0\VC\include\stdio.h(356) : see declaration of 'sprintf'
     1>win32\sys_win.c(164): warning C4996: 'sprintf': This function or variable may be unsafe. Consider using sprintf_s instead. To disable deprecation, use _CRT_SECURE_NO_WARNINGS. See online help for details.
                 C:\Program Files (x86)\Microsoft Visual Studio 12.0\VC\include\stdio.h(356) : see declaration of 'sprintf'
     1>win32\sys_win.c(165): warning C4996: 'fopen': This function or variable may be unsafe. Consider using fopen_s instead. To disable deprecation, use _CRT_SECURE_NO_WARNINGS. See online help for details.
                 C:\Program Files (x86)\Microsoft Visual Studio 12.0\VC\include\stdio.h(211) : see declaration of 'fopen'
     1>win32\sys_win.c(234): warning C4996: 'GetVersionExA': was declared deprecated
                 C:\Program Files (x86)\Windows Kits\8.1\Include\um\sysinfoapi.h(433) : see declaration of 'GetVersionExA'
     1>win32\sys_win.c(277): warning C4057: 'function' : 'LPDWORD' differs in indirection to slightly different base types from 'int *'
     1>win32\sys_win.c(283): warning C4057: 'function' : 'LPDWORD' differs in indirection to slightly different base types from 'int *'
     1>win32\sys_win.c(298): warning C4057: 'function' : 'LPDWORD' differs in indirection to slightly different base types from 'int *'
     1>win32\sys_win.c(312): warning C4057: 'function' : 'LPDWORD' differs in indirection to slightly different base types from 'int *'
     1>win32\sys_win.c(321): warning C4057: 'function' : 'LPDWORD' differs in indirection to slightly different base types from 'int *'
     1>win32\sys_win.c(359): warning C4057: 'function' : 'LPDWORD' differs in indirection to slightly different base types from 'int *'
     1>win32\sys_win.c(362): warning C4057: 'function' : 'LPDWORD' differs in indirection to slightly different base types from 'int *'
     1>win32\sys_win.c(365): warning C4057: 'function' : 'LPDWORD' differs in indirection to slightly different base types from 'int *'
     1>win32\sys_win.c(415): warning C4996: 'strcpy': This function or variable may be unsafe. Consider using strcpy_s instead. To disable deprecation, use _CRT_SECURE_NO_WARNINGS. See online help for details.
     1>win32\sys_win.c(522): warning C4127: conditional expression is constant
     1>win32\sys_win.c(538): warning C4054: 'type cast' : from function pointer 'FARPROC' to data pointer 'void *'
     1>win32\sys_win.c(538): warning C4152: nonstandard extension, function/data pointer conversion in expression
     1>win32\sys_win.c(630): warning C4127: conditional expression is constant
     1>win32\sys_win.c(655): warning C4996: '_controlfp': This function or variable may be unsafe. Consider using _controlfp_s instead. To disable deprecation, use _CRT_SECURE_NO_WARNINGS. See online help for details.
                 C:\Program Files (x86)\Microsoft Visual Studio 12.0\VC\include\float.h(120) : see declaration of '_controlfp'
     1>win32\sys_win.c(594): warning C4100: 'nCmdShow' : unreferenced formal parameter
         vid_dll.c
     1>win32\vid_dll.c(123): warning C4996: 'vsprintf': This function or variable may be unsafe. Consider using vsprintf_s instead. To disable deprecation, use _CRT_SECURE_NO_WARNINGS. See online help for details.
                 C:\Program Files (x86)\Microsoft Visual Studio 12.0\VC\include\stdio.h(356) : see declaration of 'vsprintf'
     1>win32\vid_dll.c(148): warning C4996: 'vsprintf': This function or variable may be unsafe. Consider using vsprintf_s instead. To disable deprecation, use _CRT_SECURE_NO_WARNINGS. See online help for details.
                 C:\Program Files (x86)\Microsoft Visual Studio 12.0\VC\include\stdio.h(356) : see declaration of 'vsprintf'
     1>win32\vid_dll.c(441): warning C4210: nonstandard extension used : function given file scope
     1>win32\vid_dll.c(512): warning C4100: 'y' : unreferenced formal parameter
     1>win32\vid_dll.c(512): warning C4100: 'x' : unreferenced formal parameter
     1>win32\vid_dll.c(594): warning C4054: 'type cast' : from function pointer 'FARPROC' to data pointer 'void *'
     1>win32\vid_dll.c(594): warning C4152: nonstandard extension, function/data pointer conversion in expression
     1>win32\vid_dll.c(605): warning C4152: nonstandard extension, function/data pointer conversion in expression
     1>win32\vid_dll.c(740): warning C4996: 'putenv': The POSIX name for this item is deprecated. Instead, use the ISO C++ conformant name: _putenv. See online help for details.
                 C:\Program Files (x86)\Microsoft Visual Studio 12.0\VC\include\stdlib.h(941) : see declaration of 'putenv'
         vid_menu.c
     1>win32\vid_menu.c(72): warning C4100: 'unused' : unreferenced formal parameter
     1>win32\vid_menu.c(105): warning C4996: 'stricmp': The POSIX name for this item is deprecated. Instead, use the ISO C++ conformant name: _stricmp. See online help for details.
                 C:\Program Files (x86)\Microsoft Visual Studio 12.0\VC\include\string.h(253) : see declaration of 'stricmp'
     1>win32\vid_menu.c(113): warning C4100: 'unused' : unreferenced formal parameter
     1>win32\vid_menu.c(170): warning C4996: 'stricmp': The POSIX name for this item is deprecated. Instead, use the ISO C++ conformant name: _stricmp. See online help for details.
                 C:\Program Files (x86)\Microsoft Visual Studio 12.0\VC\include\string.h(253) : see declaration of 'stricmp'
     1>win32\vid_menu.c(175): warning C4996: 'stricmp': The POSIX name for this item is deprecated. Instead, use the ISO C++ conformant name: _stricmp. See online help for details.
                 C:\Program Files (x86)\Microsoft Visual Studio 12.0\VC\include\string.h(253) : see declaration of 'stricmp'
     1>win32\vid_menu.c(184): warning C4996: 'putenv': The POSIX name for this item is deprecated. Instead, use the ISO C++ conformant name: _putenv. See online help for details.
                 C:\Program Files (x86)\Microsoft Visual Studio 12.0\VC\include\stdlib.h(941) : see declaration of 'putenv'
     1>win32\vid_menu.c(186): warning C4996: 'putenv': The POSIX name for this item is deprecated. Instead, use the ISO C++ conformant name: _putenv. See online help for details.
                 C:\Program Files (x86)\Microsoft Visual Studio 12.0\VC\include\stdlib.h(941) : see declaration of 'putenv'
     1>win32\vid_menu.c(118): warning C4100: 'unused' : unreferenced formal parameter
     1>win32\vid_menu.c(201): warning C4210: nonstandard extension used : function given file scope
     1>win32\vid_menu.c(199): warning C4100: 'unused' : unreferenced formal parameter
         Generating Code...
     1>c:\users\brian temple\quake2gamemod\win32\snd_win.c(692): warning C4701: potentially uninitialized local variable 's' used
     1>c:\users\brian temple\quake2gamemod\win32\net_wins.c(154): warning C4715: 'NET_CompareBaseAdr' : not all control paths return a value
     1>c:\users\brian temple\quake2gamemod\win32\net_wins.c(124): warning C4715: 'NET_CompareAdr' : not all control paths return a value
     1>c:\users\brian temple\quake2gamemod\win32\net_wins.c(235): warning C4706: assignment within conditional expression
     1>c:\users\brian temple\quake2gamemod\win32\net_wins.c(427): warning C4701: potentially uninitialized local variable 'net_socket' used
       Link:
         C:\Program Files (x86)\Microsoft Visual Studio 12.0\VC\bin\link.exe /ERRORREPORT:PROMPT /OUT:".\release\quake2.exe" /INCREMENTAL:NO /NOLOGO winmm.lib wsock32.lib kernel32.lib user32.lib gdi32.lib winspool.lib comdlg32.lib advapi32.lib shell32.lib ole32.lib oleaut32.lib uuid.lib odbc32.lib odbccp32.lib /MANIFEST /MANIFESTUAC:"level='asInvoker' uiAccess='false'" /manifest:embed /PDB:".\release\quake2.pdb" /SUBSYSTEM:WINDOWS /TLBID:1 /DYNAMICBASE /NXCOMPAT /IMPLIB:".\release\quake2.lib" /MACHINE:X86 /SAFESEH .\release\q2.res
         .\release\cd_win.obj
         .\release\cl_cin.obj
         .\release\cl_ents.obj
         .\release\cl_fx.obj
         .\release\cl_input.obj
         .\release\cl_inv.obj
         .\release\cl_main.obj
         .\release\cl_newfx.obj
         .\release\cl_parse.obj
         .\release\cl_pred.obj
         .\release\cl_scrn.obj
         .\release\cl_tent.obj
         .\release\cl_view.obj
         .\release\cmd.obj
         .\release\cmodel.obj
         .\release\common.obj
         .\release\conproc.obj
         .\release\console.obj
         .\release\crc.obj
         .\release\cvar.obj
         .\release\files.obj
         .\release\in_win.obj
         .\release\keys.obj
         .\release\m_flash.obj
         .\release\md4.obj
         .\release\menu.obj
         .\release\net_chan.obj
         .\release\net_wins.obj
         .\release\pmove.obj
         .\release\q_shared.obj
         .\release\q_shwin.obj
         .\release\qmenu.obj
         .\release\snd_dma.obj
         .\release\snd_mem.obj
         .\release\snd_mix.obj
         .\release\snd_win.obj
         .\release\sv_ccmds.obj
         .\release\sv_ents.obj
         .\release\sv_game.obj
         .\release\sv_init.obj
         .\release\sv_main.obj
         .\release\sv_send.obj
         .\release\sv_user.obj
         .\release\sv_world.obj
         .\release\sys_win.obj
         .\release\vid_dll.obj
         .\release\vid_menu.obj
         .\release\x86.obj
         quake2.vcxproj -> C:\Users\Brian Temple\Quake2GameMod\.\release\quake2.exe
     1>Done Building Project "C:\Users\Brian Temple\Quake2GameMod\quake2.vcxproj" (Build target(s)).

Build succeeded.

Time Elapsed 00:00:05.59
