Build started 4/29/2021 2:13:14 PM.
     1>Project "C:\Users\Brian Temple\Quake2GameMod\ref_soft\ref_soft.vcxproj" on node 6 (Build target(s)).
     1>CustomBuild:
         Performing Custom Build Tools
          Assembling: C:\Users\Brian
     1>MASM : fatal error A1000: cannot open file : C:\Users\Brian
         Microsoft (R) Macro Assembler Version 12.00.21005.1
         Copyright (C) Microsoft Corporation.  All rights reserved.
         
         Performing Custom Build Tools
          Assembling: C:\Users\Brian
     1>MASM : fatal error A1000: cannot open file : C:\Users\Brian
         Microsoft (R) Macro Assembler Version 12.00.21005.1
         Copyright (C) Microsoft Corporation.  All rights reserved.
         
         Performing Custom Build Tools
          Assembling: C:\Users\Brian
     1>MASM : fatal error A1000: cannot open file : C:\Users\Brian
         Microsoft (R) Macro Assembler Version 12.00.21005.1
         Copyright (C) Microsoft Corporation.  All rights reserved.
         
         Performing Custom Build Tools
          Assembling: C:\Users\Brian
     1>MASM : fatal error A1000: cannot open file : C:\Users\Brian
         Microsoft (R) Macro Assembler Version 12.00.21005.1
         Copyright (C) Microsoft Corporation.  All rights reserved.
         
         Performing Custom Build Tools
         Microsoft (R) Macro Assembler Version 12.00.21005.1
         Copyright (C) Microsoft Corporation.  All rights reserved.
         
          Assembling: C:\Users\Brian
     1>MASM : fatal error A1000: cannot open file : C:\Users\Brian
         Performing Custom Build Tools
          Assembling: C:\Users\Brian
     1>MASM : fatal error A1000: cannot open file : C:\Users\Brian
         Microsoft (R) Macro Assembler Version 12.00.21005.1
         Copyright (C) Microsoft Corporation.  All rights reserved.
         
         Performing Custom Build Tools
          Assembling: C:\Users\Brian
     1>MASM : fatal error A1000: cannot open file : C:\Users\Brian
         Microsoft (R) Macro Assembler Version 12.00.21005.1
         Copyright (C) Microsoft Corporation.  All rights reserved.
         
         Performing Custom Build Tools
         Microsoft (R) Macro Assembler Version 12.00.21005.1
         Copyright (C) Microsoft Corporation.  All rights reserved.
         
          Assembling: C:\Users\Brian
     1>MASM : fatal error A1000: cannot open file : C:\Users\Brian
         Performing Custom Build Tools
         Microsoft (R) Macro Assembler Version 12.00.21005.1
         Copyright (C) Microsoft Corporation.  All rights reserved.
         
          Assembling: C:\Users\Brian
     1>MASM : fatal error A1000: cannot open file : C:\Users\Brian
     1>Done Building Project "C:\Users\Brian Temple\Quake2GameMod\ref_soft\ref_soft.vcxproj" (Build target(s)) -- FAILED.

Build FAILED.

Time Elapsed 00:00:00.38
